<?xml version="1.0" encoding="UTF-8"?>
<testsuite xmlns:xsi="http://www.w3.org/2001/XMLSchema-instance" xsi:noNamespaceSchemaLocation="https://maven.apache.org/surefire/maven-failsafe-plugin/xsd/failsafe-test-report-3.0.xsd" version="3.0" name="inicio.CucumberTestSuite" time="15.378" tests="1" errors="0" skipped="0" failures="0">
  <properties>
[...]
</properties>
  <testcase name="Peruanos en el Extranjero Consulados en el mundo y Lista de Consulados en el mundo" classname="Navegar en la web de la reniec" time="13.41">
    <system-out><![CDATA[12:00:29.466 [main] DEBUG net.thucydides.core.guice.Injectors - Created injector for module net.thucydides.core.guice.ThucydidesModule
12:00:29.625 [main] INFO io.cucumber.core.plugin.SerenityReporter - Running feature from file:///C:/Users/JOSUE/IdeaProjects/ExamenReniec/src/test/resources/features/navegar_reniec.feature
12:00:29.736 [main] DEBUG net.thucydides.core.guice.Injectors - Created injector for module net.thucydides.core.guice.webdriver.WebDriverModule
12:00:29.748 [main] INFO  - 

-------------------------------------------------------------------------------------
     _______. _______ .______       _______ .__   __.  __  .___________.____    ____ 
    /       ||   ____||   _  \     |   ____||  \ |  | |  | |           |\   \  /   / 
   |   (----`|  |__   |  |_)  |    |  |__   |   \|  | |  | `---|  |----` \   \/   /  
    \   \    |   __|  |      /     |   __|  |  . `  | |  |     |  |       \_    _/   
.----)   |   |  |____ |  |\  \----.|  |____ |  |\   | |  |     |  |         |  |     
|_______/    |_______|| _| `._____||_______||__| \__| |__|     |__|         |__|    
                                                                                     
 News and tutorials at http://www.serenity-bdd.info                                  
 Documentation at https://wakaleo.gitbooks.io/the-serenity-book/content/             
 Join the Serenity Community on Gitter: https://gitter.im/serenity-bdd/serenity-core 
 Serenity BDD Support and Training at http://serenity-bdd.info/#/trainingandsupport  
-------------------------------------------------------------------------------------

12:00:29.750 [main] DEBUG net.thucydides.core.steps.StepEventBus - Test suite started for story net.thucydides.core.model.Story@9243a921
12:00:29.751 [main] INFO  - Test Suite Started: Navegar en la web de la reniec
12:00:29.762 [main] INFO io.cucumber.core.plugin.SerenityReporter - Running feature from file:///C:/Users/JOSUE/IdeaProjects/ExamenReniec/src/test/resources/features/navegar_reniec.feature
12:00:29.763 [main] DEBUG net.thucydides.core.steps.StepEventBus - Test suite started for story net.thucydides.core.model.Story@9243a921
12:00:29.764 [main] INFO  - Test Suite Started: Navegar en la web de la reniec
12:00:29.813 [main] INFO io.cucumber.core.plugin.SerenityReporter - Running feature from file:///C:/Users/JOSUE/IdeaProjects/ExamenReniec/src/test/resources/features/navegar_reniec.feature
12:00:29.906 [main] INFO  - 
  _____   ___   ___   _____     ___   _____     _     ___   _____   ___   ___  
 |_   _| | __| / __| |_   _|   / __| |_   _|   /_\   | _ \ |_   _| | __| |   \ 
   | |   | _|  \__ \   | |     \__ \   | |    / _ \  |   /   | |   | _|  | |) |
   |_|   |___| |___/   |_|     |___/   |_|   /_/ \_\ |_|_\   |_|   |___| |___/ 

Peruanos en el Extranjero Consulados en el mundo y Lista de Consulados en el mundo(navegar-en-la-web-de-la-reniec;peruanos-en-el-extranjero-consulados-en-el-mundo-y-lista-de-consulados-en-el-mundo)
--------------------------------------------------------------------------------
12:00:30.305 [main] DEBUG net.thucydides.core.steps.StepInterceptor - STARTING STEP: ReniecStepDefinitions.usuarioEstaEnLaWebDeLaReniec - !#title
12:00:30.319 [main] DEBUG net.thucydides.core.steps.StepInterceptor - STARTING STEP: ReniecStepDefinitions.usuarioEstaEnLaWebDeLaReniec - {0} opens the #targetPageName
12:00:30.338 [main] INFO net.serenitybdd.core.webdriver.driverproviders.DriverProvider - Using WebDriverManager configuration for chrome
12:00:30.619 [main] DEBUG io.github.bonigarcia.wdm.cache.ResolutionCache - Removing resolution chrome=108 from cache (expired on Wed Dec 28 18:40:35 COT 2022)
12:00:30.633 [main] DEBUG org.apache.hc.client5.http.impl.classic.InternalHttpClient - ex-0000000001 preparing request execution
12:00:30.638 [main] DEBUG org.apache.hc.client5.http.protocol.RequestAddCookies - ex-0000000001 Cookie spec selected: strict
12:00:30.641 [main] DEBUG org.apache.hc.client5.http.protocol.RequestAuthCache - ex-0000000001 Auth cache not set in the context
12:00:30.642 [main] DEBUG org.apache.hc.client5.http.impl.classic.ProtocolExec - ex-0000000001 target auth state: UNCHALLENGED
12:00:30.642 [main] DEBUG org.apache.hc.client5.http.impl.classic.ProtocolExec - ex-0000000001 proxy auth state: UNCHALLENGED
12:00:30.642 [main] DEBUG org.apache.hc.client5.http.impl.classic.ConnectExec - ex-0000000001 acquiring connection with route {s}->https://raw.githubusercontent.com:443
12:00:30.642 [main] DEBUG org.apache.hc.client5.http.impl.classic.InternalHttpClient - ex-0000000001 acquiring endpoint (3 MINUTES)
12:00:30.643 [main] DEBUG org.apache.hc.client5.http.impl.io.PoolingHttpClientConnectionManager - ex-0000000001 endpoint lease request (3 MINUTES) [route: {s}->https://raw.githubusercontent.com:443][total available: 0; route allocated: 0 of 5; total allocated: 0 of 25]
12:00:30.645 [main] DEBUG org.apache.hc.client5.http.impl.io.PoolingHttpClientConnectionManager - ex-0000000001 endpoint leased [route: {s}->https://raw.githubusercontent.com:443][total available: 0; route allocated: 1 of 5; total allocated: 1 of 25]
12:00:30.654 [main] DEBUG org.apache.hc.client5.http.impl.io.PoolingHttpClientConnectionManager - ex-0000000001 acquired ep-0000000000
12:00:30.655 [main] DEBUG org.apache.hc.client5.http.impl.classic.InternalHttpClient - ex-0000000001 acquired endpoint ep-0000000000
12:00:30.655 [main] DEBUG org.apache.hc.client5.http.impl.classic.ConnectExec - ex-0000000001 opening connection {s}->https://raw.githubusercontent.com:443
12:00:30.655 [main] DEBUG org.apache.hc.client5.http.impl.classic.InternalHttpClient - ep-0000000000 connecting endpoint (30 SECONDS)
12:00:30.655 [main] DEBUG org.apache.hc.client5.http.impl.io.PoolingHttpClientConnectionManager - ep-0000000000 connecting endpoint to https://raw.githubusercontent.com:443 (30 SECONDS)
12:00:30.709 [main] DEBUG org.apache.hc.client5.http.impl.io.DefaultHttpClientConnectionOperator - http-outgoing-0 connecting to raw.githubusercontent.com/185.199.111.133:443
12:00:30.709 [main] DEBUG org.apache.hc.client5.http.ssl.SSLConnectionSocketFactory - Connecting socket to raw.githubusercontent.com/185.199.111.133:443 with timeout 30 SECONDS
12:00:30.763 [main] DEBUG org.apache.hc.client5.http.ssl.SSLConnectionSocketFactory - Enabled protocols: [TLSv1.2]
12:00:30.763 [main] DEBUG org.apache.hc.client5.http.ssl.SSLConnectionSocketFactory - Enabled cipher suites: [TLS_ECDHE_ECDSA_WITH_AES_256_CBC_SHA384, TLS_ECDHE_RSA_WITH_AES_256_CBC_SHA384, TLS_RSA_WITH_AES_256_CBC_SHA256, TLS_ECDH_ECDSA_WITH_AES_256_CBC_SHA384, TLS_ECDH_RSA_WITH_AES_256_CBC_SHA384, TLS_DHE_RSA_WITH_AES_256_CBC_SHA256, TLS_DHE_DSS_WITH_AES_256_CBC_SHA256, TLS_ECDHE_ECDSA_WITH_AES_256_CBC_SHA, TLS_ECDHE_RSA_WITH_AES_256_CBC_SHA, TLS_RSA_WITH_AES_256_CBC_SHA, TLS_ECDH_ECDSA_WITH_AES_256_CBC_SHA, TLS_ECDH_RSA_WITH_AES_256_CBC_SHA, TLS_DHE_RSA_WITH_AES_256_CBC_SHA, TLS_DHE_DSS_WITH_AES_256_CBC_SHA, TLS_ECDHE_ECDSA_WITH_AES_128_CBC_SHA256, TLS_ECDHE_RSA_WITH_AES_128_CBC_SHA256, TLS_RSA_WITH_AES_128_CBC_SHA256, TLS_ECDH_ECDSA_WITH_AES_128_CBC_SHA256, TLS_ECDH_RSA_WITH_AES_128_CBC_SHA256, TLS_DHE_RSA_WITH_AES_128_CBC_SHA256, TLS_DHE_DSS_WITH_AES_128_CBC_SHA256, TLS_ECDHE_ECDSA_WITH_AES_128_CBC_SHA, TLS_ECDHE_RSA_WITH_AES_128_CBC_SHA, TLS_RSA_WITH_AES_128_CBC_SHA, TLS_ECDH_ECDSA_WITH_AES_128_CBC_SHA, TLS_ECDH_RSA_WITH_AES_128_CBC_SHA, TLS_DHE_RSA_WITH_AES_128_CBC_SHA, TLS_DHE_DSS_WITH_AES_128_CBC_SHA, TLS_ECDHE_ECDSA_WITH_AES_256_GCM_SHA384, TLS_ECDHE_ECDSA_WITH_AES_128_GCM_SHA256, TLS_ECDHE_RSA_WITH_AES_256_GCM_SHA384, TLS_RSA_WITH_AES_256_GCM_SHA384, TLS_ECDH_ECDSA_WITH_AES_256_GCM_SHA384, TLS_ECDH_RSA_WITH_AES_256_GCM_SHA384, TLS_DHE_RSA_WITH_AES_256_GCM_SHA384, TLS_DHE_DSS_WITH_AES_256_GCM_SHA384, TLS_ECDHE_RSA_WITH_AES_128_GCM_SHA256, TLS_RSA_WITH_AES_128_GCM_SHA256, TLS_ECDH_ECDSA_WITH_AES_128_GCM_SHA256, TLS_ECDH_RSA_WITH_AES_128_GCM_SHA256, TLS_DHE_RSA_WITH_AES_128_GCM_SHA256, TLS_DHE_DSS_WITH_AES_128_GCM_SHA256]
12:00:30.763 [main] DEBUG org.apache.hc.client5.http.ssl.SSLConnectionSocketFactory - Starting handshake
12:00:30.814 [main] DEBUG org.apache.hc.client5.http.ssl.SSLConnectionSocketFactory - Secure session established
12:00:30.814 [main] DEBUG org.apache.hc.client5.http.ssl.SSLConnectionSocketFactory -  negotiated protocol: TLSv1.2
12:00:30.814 [main] DEBUG org.apache.hc.client5.http.ssl.SSLConnectionSocketFactory -  negotiated cipher suite: TLS_ECDHE_RSA_WITH_AES_128_GCM_SHA256
12:00:30.814 [main] DEBUG org.apache.hc.client5.http.ssl.SSLConnectionSocketFactory -  peer principal: CN=*.github.io, O="GitHub, Inc.", L=San Francisco, ST=California, C=US
12:00:30.815 [main] DEBUG org.apache.hc.client5.http.ssl.SSLConnectionSocketFactory -  peer alternative names: [*.github.io, github.com, *.github.com, www.github.com, github.io, githubusercontent.com, *.githubusercontent.com]
12:00:30.815 [main] DEBUG org.apache.hc.client5.http.ssl.SSLConnectionSocketFactory -  issuer principal: CN=DigiCert TLS RSA SHA256 2020 CA1, O=DigiCert Inc, C=US
12:00:30.816 [main] DEBUG org.apache.hc.client5.http.impl.io.DefaultHttpClientConnectionOperator - http-outgoing-0 connection established 192.168.0.107:54788<->185.199.111.133:443
12:00:30.816 [main] DEBUG org.apache.hc.client5.http.impl.io.PoolingHttpClientConnectionManager - ep-0000000000 connected http-outgoing-0
12:00:30.816 [main] DEBUG org.apache.hc.client5.http.impl.classic.InternalHttpClient - ep-0000000000 endpoint connected
12:00:30.816 [main] DEBUG org.apache.hc.client5.http.impl.classic.MainClientExec - ex-0000000001 executing GET /bonigarcia/webdrivermanager/master/src/main/resources/commands.properties HTTP/1.1
12:00:30.816 [main] DEBUG org.apache.hc.client5.http.impl.classic.InternalHttpClient - ep-0000000000 start execution ex-0000000001
12:00:30.816 [main] DEBUG org.apache.hc.client5.http.impl.io.PoolingHttpClientConnectionManager - ep-0000000000 executing exchange ex-0000000001 over http-outgoing-0
12:00:30.817 [main] DEBUG org.apache.hc.client5.http.headers - http-outgoing-0 >> GET /bonigarcia/webdrivermanager/master/src/main/resources/commands.properties HTTP/1.1
12:00:30.817 [main] DEBUG org.apache.hc.client5.http.headers - http-outgoing-0 >> user-agent: Apache-HttpClient/5.0
12:00:30.817 [main] DEBUG org.apache.hc.client5.http.headers - http-outgoing-0 >> accept-encoding: gzip, deflate, br
12:00:30.817 [main] DEBUG org.apache.hc.client5.http.headers - http-outgoing-0 >> cache-control: max-age=0
12:00:30.817 [main] DEBUG org.apache.hc.client5.http.headers - http-outgoing-0 >> connection: keep-alive
12:00:30.817 [main] DEBUG org.apache.hc.client5.http.headers - http-outgoing-0 >> Host: raw.githubusercontent.com
12:00:30.817 [main] DEBUG org.apache.hc.client5.http.wire - http-outgoing-0 >> "GET /bonigarcia/webdrivermanager/master/src/main/resources/commands.properties HTTP/1.1[\r][\n]"
12:00:30.817 [main] DEBUG org.apache.hc.client5.http.wire - http-outgoing-0 >> "user-agent: Apache-HttpClient/5.0[\r][\n]"
12:00:30.817 [main] DEBUG org.apache.hc.client5.http.wire - http-outgoing-0 >> "accept-encoding: gzip, deflate, br[\r][\n]"
12:00:30.817 [main] DEBUG org.apache.hc.client5.http.wire - http-outgoing-0 >> "cache-control: max-age=0[\r][\n]"
12:00:30.817 [main] DEBUG org.apache.hc.client5.http.wire - http-outgoing-0 >> "connection: keep-alive[\r][\n]"
12:00:30.817 [main] DEBUG org.apache.hc.client5.http.wire - http-outgoing-0 >> "Host: raw.githubusercontent.com[\r][\n]"
12:00:30.817 [main] DEBUG org.apache.hc.client5.http.wire - http-outgoing-0 >> "[\r][\n]"
12:00:31.031 [main] DEBUG org.apache.hc.client5.http.wire - http-outgoing-0 << "HTTP/1.1 200 OK[\r][\n]"
12:00:31.031 [main] DEBUG org.apache.hc.client5.http.wire - http-outgoing-0 << "Connection: keep-alive[\r][\n]"
12:00:31.031 [main] DEBUG org.apache.hc.client5.http.wire - http-outgoing-0 << "Content-Length: 723[\r][\n]"
12:00:31.032 [main] DEBUG org.apache.hc.client5.http.wire - http-outgoing-0 << "Cache-Control: max-age=300[\r][\n]"
12:00:31.032 [main] DEBUG org.apache.hc.client5.http.wire - http-outgoing-0 << "Content-Security-Policy: default-src 'none'; style-src 'unsafe-inline'; sandbox[\r][\n]"
12:00:31.032 [main] DEBUG org.apache.hc.client5.http.wire - http-outgoing-0 << "Content-Type: text/plain; charset=utf-8[\r][\n]"
12:00:31.032 [main] DEBUG org.apache.hc.client5.http.wire - http-outgoing-0 << "ETag: W/"e82b438271e9e8680c688b0b680efd0bdd22faa6d6f0a32fc1fd8accc486b67e"[\r][\n]"
12:00:31.032 [main] DEBUG org.apache.hc.client5.http.wire - http-outgoing-0 << "Strict-Transport-Security: max-age=31536000[\r][\n]"
12:00:31.033 [main] DEBUG org.apache.hc.client5.http.wire - http-outgoing-0 << "X-Content-Type-Options: nosniff[\r][\n]"
12:00:31.033 [main] DEBUG org.apache.hc.client5.http.wire - http-outgoing-0 << "X-Frame-Options: deny[\r][\n]"
12:00:31.033 [main] DEBUG org.apache.hc.client5.http.wire - http-outgoing-0 << "X-XSS-Protection: 1; mode=block[\r][\n]"
12:00:31.033 [main] DEBUG org.apache.hc.client5.http.wire - http-outgoing-0 << "X-GitHub-Request-Id: 0864:320A:2848B:5DEB9:63ADBBD4[\r][\n]"
12:00:31.033 [main] DEBUG org.apache.hc.client5.http.wire - http-outgoing-0 << "Content-Encoding: gzip[\r][\n]"
12:00:31.033 [main] DEBUG org.apache.hc.client5.http.wire - http-outgoing-0 << "Accept-Ranges: bytes[\r][\n]"
12:00:31.033 [main] DEBUG org.apache.hc.client5.http.wire - http-outgoing-0 << "Date: Thu, 29 Dec 2022 17:00:30 GMT[\r][\n]"
12:00:31.034 [main] DEBUG org.apache.hc.client5.http.wire - http-outgoing-0 << "Via: 1.1 varnish[\r][\n]"
12:00:31.034 [main] DEBUG org.apache.hc.client5.http.wire - http-outgoing-0 << "X-Served-By: cache-lim12121-LIM[\r][\n]"
12:00:31.034 [main] DEBUG org.apache.hc.client5.http.wire - http-outgoing-0 << "X-Cache: HIT[\r][\n]"
12:00:31.034 [main] DEBUG org.apache.hc.client5.http.wire - http-outgoing-0 << "X-Cache-Hits: 1[\r][\n]"
12:00:31.034 [main] DEBUG org.apache.hc.client5.http.wire - http-outgoing-0 << "X-Timer: S1672333231.521053,VS0,VE198[\r][\n]"
12:00:31.034 [main] DEBUG org.apache.hc.client5.http.wire - http-outgoing-0 << "Vary: Authorization,Accept-Encoding,Origin[\r][\n]"
12:00:31.034 [main] DEBUG org.apache.hc.client5.http.wire - http-outgoing-0 << "Access-Control-Allow-Origin: *[\r][\n]"
12:00:31.034 [main] DEBUG org.apache.hc.client5.http.wire - http-outgoing-0 << "X-Fastly-Request-ID: 33500c932aa7cd45321b8b17acbc2b4e926698be[\r][\n]"
12:00:31.034 [main] DEBUG org.apache.hc.client5.http.wire - http-outgoing-0 << "Expires: Thu, 29 Dec 2022 17:05:30 GMT[\r][\n]"
12:00:31.034 [main] DEBUG org.apache.hc.client5.http.wire - http-outgoing-0 << "Source-Age: 0[\r][\n]"
12:00:31.034 [main] DEBUG org.apache.hc.client5.http.wire - http-outgoing-0 << "[\r][\n]"
12:00:31.036 [main] DEBUG org.apache.hc.client5.http.headers - http-outgoing-0 << HTTP/1.1 200 OK
12:00:31.036 [main] DEBUG org.apache.hc.client5.http.headers - http-outgoing-0 << Connection: keep-alive
12:00:31.036 [main] DEBUG org.apache.hc.client5.http.headers - http-outgoing-0 << Content-Length: 723
12:00:31.036 [main] DEBUG org.apache.hc.client5.http.headers - http-outgoing-0 << Cache-Control: max-age=300
12:00:31.036 [main] DEBUG org.apache.hc.client5.http.headers - http-outgoing-0 << Content-Security-Policy: default-src 'none'; style-src 'unsafe-inline'; sandbox
12:00:31.036 [main] DEBUG org.apache.hc.client5.http.headers - http-outgoing-0 << Content-Type: text/plain; charset=utf-8
12:00:31.036 [main] DEBUG org.apache.hc.client5.http.headers - http-outgoing-0 << ETag: W/"e82b438271e9e8680c688b0b680efd0bdd22faa6d6f0a32fc1fd8accc486b67e"
12:00:31.036 [main] DEBUG org.apache.hc.client5.http.headers - http-outgoing-0 << Strict-Transport-Security: max-age=31536000
12:00:31.036 [main] DEBUG org.apache.hc.client5.http.headers - http-outgoing-0 << X-Content-Type-Options: nosniff
12:00:31.036 [main] DEBUG org.apache.hc.client5.http.headers - http-outgoing-0 << X-Frame-Options: deny
12:00:31.036 [main] DEBUG org.apache.hc.client5.http.headers - http-outgoing-0 << X-XSS-Protection: 1; mode=block
12:00:31.036 [main] DEBUG org.apache.hc.client5.http.headers - http-outgoing-0 << X-GitHub-Request-Id: 0864:320A:2848B:5DEB9:63ADBBD4
12:00:31.036 [main] DEBUG org.apache.hc.client5.http.headers - http-outgoing-0 << Content-Encoding: gzip
12:00:31.036 [main] DEBUG org.apache.hc.client5.http.headers - http-outgoing-0 << Accept-Ranges: bytes
12:00:31.036 [main] DEBUG org.apache.hc.client5.http.headers - http-outgoing-0 << Date: Thu, 29 Dec 2022 17:00:30 GMT
12:00:31.036 [main] DEBUG org.apache.hc.client5.http.headers - http-outgoing-0 << Via: 1.1 varnish
12:00:31.036 [main] DEBUG org.apache.hc.client5.http.headers - http-outgoing-0 << X-Served-By: cache-lim12121-LIM
12:00:31.036 [main] DEBUG org.apache.hc.client5.http.headers - http-outgoing-0 << X-Cache: HIT
12:00:31.036 [main] DEBUG org.apache.hc.client5.http.headers - http-outgoing-0 << X-Cache-Hits: 1
12:00:31.036 [main] DEBUG org.apache.hc.client5.http.headers - http-outgoing-0 << X-Timer: S1672333231.521053,VS0,VE198
12:00:31.036 [main] DEBUG org.apache.hc.client5.http.headers - http-outgoing-0 << Vary: Authorization,Accept-Encoding,Origin
12:00:31.036 [main] DEBUG org.apache.hc.client5.http.headers - http-outgoing-0 << Access-Control-Allow-Origin: *
12:00:31.036 [main] DEBUG org.apache.hc.client5.http.headers - http-outgoing-0 << X-Fastly-Request-ID: 33500c932aa7cd45321b8b17acbc2b4e926698be
12:00:31.036 [main] DEBUG org.apache.hc.client5.http.headers - http-outgoing-0 << Expires: Thu, 29 Dec 2022 17:05:30 GMT
12:00:31.037 [main] DEBUG org.apache.hc.client5.http.headers - http-outgoing-0 << Source-Age: 0
12:00:31.039 [main] DEBUG org.apache.hc.client5.http.impl.classic.MainClientExec - ex-0000000001 connection can be kept alive for 3 MINUTES
12:00:31.042 [main] DEBUG org.apache.hc.client5.http.wire - http-outgoing-0 << "[0x1f][0xffffff8b][0x8][0x0][0x0][0x0][0x0][0x0][0x0][0x3][0xffffffb5]V]o[0xffffffda]0[0x14]}[0xffffffe7]W\[0xffffff81]*[0xffffffb5][0x12][0x1f][[M[0xffffffd3]$[0x1e]hF[0xffffffbb]i [0x18][0xffffffb4][0xffffffdd]&[0xfffffff9][0xffffffc5]$7[0xffffffc1]R[0x12]#;[0xffffff94]v[0xffffffbf]~[0xffffffb6][0xfffffff3]1[0xffffff92][0xffffff9a][0xffffffc1][0x1a]x[0xffffffcb][0xffffffb5][0xffffffaf][0xffffffcf]9[0xffffffbe][0xfffffff7]8v[0xb][0x1c][0x1e]E4[0xfffffff6]$x4[0xffffffa1][0xb]*[0xffffffb1][0xffffffd1][0xffffff82][0xfffffffb]%[0xffffff93][0xffffffe0][0xffffffb3][0x10][0xffffffc1][0xffffffe5]qBY,!Y[0xffffffea] KM8,[0x10][0xfffffff0][0x19][0xffffffdd]u[0xffffff82][0x1e][0xffffffb0][0xffffffd8]L[0xffffffcb]%[0xffffff86][0xffffffa1][0xe][0xffffffb8][0xfffffff0]P[0xffffffe8]$[0xf][0x13]t[0x13]3[0xfffffff9][0xffffff84]B2[0xffffffae][0xffffffe6]|@[0xfffffff5][0x1d][0x8][0xffffffc4][0x18][0x16][0xffffff82]o[0xffffffa4][0xffffff9a]P[0xffffff94][0xffffffe7][0xffffffce]R[0xfffffff0][0x8][0xffffffdb]p[0xffffffcb][0x4][0xfffffffa][0xfffffffc][0xffffffb9][\r][0xffffff93][0x15][\n]"
12:00:31.043 [main] DEBUG org.apache.hc.client5.http.wire - http-outgoing-0 << "[0xffffffda][0xffffff86][0xffffffa1][0x17][0xffffffa8]Q3[0xffffffcb][0xffffffd6][0xffffffd1][0xffffff85][0xffffffc6][0xfffffff7][0xffffff98][0xffffffef][0xffffffa3][0xffffffc0]8[0x1][0xffffffae]s[0x12][0x16][0x7] _d[0xffffff82][0xffffff91][0xffffff84][0xfffffff3][0x1f],[0xfffffff6][0x14]j[0x1b]F,^+[0xffffff98]1ua2[0xffffffbf]h([0xffffff8e][0xffffff94][0xffffffa2][0xffffff91]m[0xffffffa3][0xffffffeb][0xffffff9a][0xffffffb0][0xffffffbb]I[0x17]t[0xffffffdf][0xffffffbd][0xffffffef][0xffffffbb][0xffffff91][0xffffffd7]U[0xffffffbb][0xffffff82][0xffffff9e][0x3][0xffffff9b][0xffffff88][0xffffffb9][0xffffffa6]$[0xffffffa6][0xc][0xffffff9b][0xffffffa5][0xffffffe2][0xffffff83][0xffffff98]F[0xffffffd8]o[0xffffff9e]Mg[0xffffff93][0xffffffbb][0xffffffd9]`|[0xfffffffb]u4[0xffffff9c][0x7f]"}B[0xffffffce][0x8][0xffffffb9][0xffffffe3]<[0x8][0xffffff91][0xffffff90][0xffffff94][0xffffff82][0xffffff90][0xffffffc1]j[0x15]2WI[0xffffffe3]1![0x19][0xffffff91]BnB[0xffffff80][0x9]<f[0xffffffb5][0xffffffe8]=[0xffffffd1]p[0xffffffbd][[0xffffffcf][0xffffffe5][0x1b][0xfffffff4][0xffffff9c][0xffffffff][0xfffffffc][0xfffffff8][0xffffffe1][0xffffffe2][0xffffff94][0xffffffa2][0xffffffae][0xe][0x14]5[0xffffff9a]8[0xffffff83][0xffffffd1]`:[0xfffffffd]<[0xffffffb8][0x1f][0xffffff9c]R[0xffffffcf]u[0x7f]6[0xffffffbc][0xffffff83][0xffffffef][0xf][0xffffffc3][0xffffffd9]/[0xfffffff8][0xfffffff2][0xffffffcd]y s[0xffffffee]'[0x1b]*0g[0xffffffcb][0xffffffc8]nF7H][0xffffff83][0xffffff97]{[0xffffffb1]Q[0x5][\r][0xffffffb5]c[0xffffffb4][0xf][0x2][0xffffffb3][0xffffffb4][0xffffff93][0xe]C[0xffffffa7][0xffffffb3]kAD][0xffffff9d][0xffffffde][0xffffffdb][0xffffffda][0xffffff88][0xffffffec][0xffffffa5][0xffffffbc][0xffffff99][0xffffffd9][0xffffffba]t[0xffffffb5][0xffffffea]9[0xffffffea][0x10])[0xffffffb7][0xffffffca][0xffffff9e][0xfffffff2][0xffffffe2]d^N[0xffffffd8]FW[0x16][0xffffffcd][0xffffffdc]_[0x10][0xfffffff9]i|[0x1c][0xffffff93][0xffffff8e][0xfffffff9]o[0x16][0xffffff86]4'!$G[0xffffffdf]W[0xfffffff4]W*j[[0xfffffff3]xR[0xffffffae][0xffffffb6][0xc][0xffffffd0],; #[0xffffffa9][0xffffff92]5[0xffffffb5][0x7][0xffffff9c][0xffffffb5][0xffffffd0][0x7f][0xffffff90][0xffffffc7]jgs[0xfffffffc][0xffffffc2][0xb][0xffffffd9][0x0]t[0xffffff9e]^'Y[0xfffffffb][0xffffff9f][0xffffffb1][0xffffffd8]:[0xffffffbf][0xffffff8d][0xffffffa5][0xffffff9a][0xffffffad][0x7f]m[0x5]&[0xffffffaa][0xffffffa0]^[0xffffff9b][0xffffffcb][0x5]f[0xffffffae][0xffffffe0]RU[0xffffff82][0x10]MS9l[0xffffff91]4t[0xfffffffb][0xffffff8a]][0xffffffd6][0xfffffff4][0xffffff96][0xffffffa6][0xffffff9f]P[0xffffffce][0xffffffd5][0xffffffce][0xffffff93][0xffffffff][0xffffff97][0xffffffcc]p[0xfffffffd][0xfffffff3][0xffffffe8][0x1b][0xffffffcc][0xffffffa2][0xffffffd9]Q[0xffffffbe][0xffffffb2][0xffffffa3][0xffffffc7]m'[0xffffffdf][0xffffffe4][[0xfffffffb]^[0xffffffb0][0xffffff9a][0xffffffbe][0xffffffda][0xffffffda]_[0xffffffce][0xffffff80][0xffffffd2][0xffffffc1]7[0xffffffb7]][0xffffffc1]b[0xffffffee][0xffffffb5][0xffffffff]w[0xffffff83][0xffffffed][0xffffffa7];[0x15]<[0x10]4[0xffffff92][0xffffff84][0x18][\n]"
12:00:31.043 [main] DEBUG org.apache.hc.client5.http.wire - http-outgoing-0 << "BB[0xffffffba][0xffffff8e]][0xffffffb5]jo[0xffffffb9]+"[0xffffffea][0xffffffb4][0xffffffff]h"[0xffffffea]\?5[0xffffffa9][0xffffffaf]k[0xffffffec][0xffffffff]P[0xffffffea][\n]"
12:00:31.043 [main] DEBUG org.apache.hc.client5.http.wire - http-outgoing-0 << "w[0xffffffe1]K[0x13][0xffffffda][0xffffffec][0xffffff98][0xffffffe6]Y[0xfffffffd]h8m6[0xffffff9c]T[0xffffffc1][0xfffffff2][0xffffffa7][0xffffff91]z_[0xffffff95]o85p[0x1c][0x13][0xffffffe6][0xfffffff0]5[0xffffffee][0xfffffffc][0xffffff92][0xffffff96][0xffffffda][0xfffffff7][0xffffffcf][0xffffffb1][0x5][0x1d][0xffffffea]K[0xffffff9b]9[0xffffff8e][0xffffffad]e[0xfffffff7][0xffffff93][0xffffffa8]`[0xffffffda][0xffffffff][0x1a][0xffffffd2][0xffffff88][0xffffff85][0xfffffffd][0xfffffff2][0xffffff91]N[0xfffffff6]`[0xffffffdf]2[0xffffffcf][0xffffffae]E[0xffffff97][0xffffffc5][0xffffffa2][0xffffff9d][0xffffffef]'[0xffffff9d]mun.[0xffffffd3]f^[0xffffffc7][0xffffff82][0xffffffda][0xffffff82]9[0xfffffff5][0xffffffa9]`[0x5][0xffffffbc]4[0xffffffa1][0x1d]<M[0xffffffb5]A[0xffffffa7]3[[0xffffffc0][0x7f][0x0][0xffffffc1][0xffffffd0]$[0xffffff85][0x1d][\r][0x0][0x0]"
12:00:31.043 [main] DEBUG org.apache.hc.client5.http.impl.classic.InternalHttpClient - ep-0000000000 releasing valid endpoint
12:00:31.043 [main] DEBUG org.apache.hc.client5.http.impl.io.PoolingHttpClientConnectionManager - ep-0000000000 releasing endpoint
12:00:31.043 [main] DEBUG org.apache.hc.client5.http.impl.io.PoolingHttpClientConnectionManager - ep-0000000000 connection http-outgoing-0 can be kept alive for 3 MINUTES
12:00:31.044 [main] DEBUG org.apache.hc.client5.http.impl.io.PoolingHttpClientConnectionManager - ep-0000000000 connection released [route: {s}->https://raw.githubusercontent.com:443][total available: 1; route allocated: 1 of 5; total allocated: 1 of 25]
12:00:31.044 [main] DEBUG io.github.bonigarcia.wdm.versions.VersionDetector - Detecting chrome version using online commands.properties
12:00:31.045 [main] DEBUG io.github.bonigarcia.wdm.versions.Shell - Running command on the shell: [cmd.exe, /C, wmic, datafile, where, name="%PROGRAMFILES:\=\\%\\Google\\Chrome\\Application\\chrome.exe", get, Version, /value]
12:00:31.131 [main] DEBUG io.github.bonigarcia.wdm.versions.Shell - Result: Version=108.0.5359.125
12:00:31.132 [main] DEBUG io.github.bonigarcia.wdm.cache.ResolutionCache - Resolution chrome108=108.0.5359.71 in cache (valid until 16:06:26 29/12/2022 PET)
12:00:31.132 [main] INFO io.github.bonigarcia.wdm.WebDriverManager - Using chromedriver 108.0.5359.71 (resolved driver for Chrome 108)
12:00:31.133 [main] DEBUG io.github.bonigarcia.wdm.cache.ResolutionCache - Storing resolution chrome=108 in cache (valid until 13:00:31 29/12/2022 PET)
12:00:31.138 [main] DEBUG io.github.bonigarcia.wdm.WebDriverManager - Driver chromedriver 108.0.5359.71 found in cache
12:00:31.139 [main] INFO io.github.bonigarcia.wdm.WebDriverManager - Exporting webdriver.chrome.driver as C:\Users\JOSUE\.cache\selenium\chromedriver\win32\108.0.5359.71\chromedriver.exe
12:00:31.187 [main] INFO net.serenitybdd.core.webdriver.driverproviders.ChromeDriverProvider - Starting Chrome driver instance with capabilities:
12:00:31.188 [main] INFO net.serenitybdd.core.webdriver.driverproviders.ChromeDriverProvider - Capabilities {acceptInsecureCerts: false, browserName: chrome, goog:chromeOptions: {args: [--start-maximized, --test-type, --no-sandbox, --ignore-certificate-errors, \r\n                   --di..., --disable-default-apps, --disable-extensions-file-a..., \r\n                   --in..., --disable-infobars,--disabl...], extensions: []}}
12:00:31.229 [main] DEBUG io.netty.util.internal.logging.InternalLoggerFactory - Using SLF4J as the default logging framework
12:00:31.232 [main] DEBUG io.netty.util.ResourceLeakDetector - -Dio.netty.leakDetection.level: simple
12:00:31.232 [main] DEBUG io.netty.util.ResourceLeakDetector - -Dio.netty.leakDetection.targetRecords: 4
12:00:31.234 [main] DEBUG io.netty.util.ResourceLeakDetectorFactory - Loaded default ResourceLeakDetector: io.netty.util.ResourceLeakDetector@6801b414
12:00:31.271 [main] DEBUG io.netty.util.internal.PlatformDependent0 - -Dio.netty.noUnsafe: false
12:00:31.271 [main] DEBUG io.netty.util.internal.PlatformDependent0 - Java version: 8
12:00:31.271 [main] DEBUG io.netty.util.internal.PlatformDependent0 - sun.misc.Unsafe.theUnsafe: available
12:00:31.272 [main] DEBUG io.netty.util.internal.PlatformDependent0 - sun.misc.Unsafe.copyMemory: available
12:00:31.272 [main] DEBUG io.netty.util.internal.PlatformDependent0 - sun.misc.Unsafe.storeFence: available
12:00:31.272 [main] DEBUG io.netty.util.internal.PlatformDependent0 - java.nio.Buffer.address: available
12:00:31.272 [main] DEBUG io.netty.util.internal.PlatformDependent0 - direct buffer constructor: available
12:00:31.273 [main] DEBUG io.netty.util.internal.PlatformDependent0 - java.nio.Bits.unaligned: available, true
12:00:31.273 [main] DEBUG io.netty.util.internal.PlatformDependent0 - jdk.internal.misc.Unsafe.allocateUninitializedArray(int): unavailable prior to Java9
12:00:31.273 [main] DEBUG io.netty.util.internal.PlatformDependent0 - java.nio.DirectByteBuffer.<init>(long, int): available
12:00:31.273 [main] DEBUG io.netty.util.internal.PlatformDependent - sun.misc.Unsafe: available
12:00:31.273 [main] DEBUG io.netty.util.internal.PlatformDependent - -Dio.netty.tmpdir: C:\Users\JOSUE\AppData\Local\Temp (java.io.tmpdir)
12:00:31.273 [main] DEBUG io.netty.util.internal.PlatformDependent - -Dio.netty.bitMode: 64 (sun.arch.data.model)
12:00:31.273 [main] DEBUG io.netty.util.internal.PlatformDependent - Platform: Windows
12:00:31.274 [main] DEBUG io.netty.util.internal.PlatformDependent - -Dio.netty.maxDirectMemory: 3763863552 bytes
12:00:31.274 [main] DEBUG io.netty.util.internal.PlatformDependent - -Dio.netty.uninitializedArrayAllocationThreshold: -1
12:00:31.274 [main] DEBUG io.netty.util.internal.CleanerJava6 - java.nio.ByteBuffer.cleaner(): available
12:00:31.275 [main] DEBUG io.netty.util.internal.PlatformDependent - -Dio.netty.noPreferDirect: false
12:00:31.279 [main] DEBUG io.netty.util.internal.PlatformDependent - org.jctools-core.MpscChunkedArrayQueue: available
12:00:31.294 [main] DEBUG io.netty.util.internal.InternalThreadLocalMap - -Dio.netty.threadLocalMap.stringBuilder.initialSize: 1024
12:00:31.294 [main] DEBUG io.netty.util.internal.InternalThreadLocalMap - -Dio.netty.threadLocalMap.stringBuilder.maxSize: 4096
12:00:31.305 [main] DEBUG io.netty.handler.ssl.JdkSslContext - Default protocols (JDK): [TLSv1.2, TLSv1.1, TLSv1] 
12:00:31.305 [main] DEBUG io.netty.handler.ssl.JdkSslContext - Default cipher suites (JDK): [TLS_ECDHE_ECDSA_WITH_AES_256_GCM_SHA384, TLS_ECDHE_ECDSA_WITH_AES_128_GCM_SHA256, TLS_ECDHE_RSA_WITH_AES_128_GCM_SHA256, TLS_ECDHE_RSA_WITH_AES_256_GCM_SHA384, TLS_ECDHE_RSA_WITH_AES_128_CBC_SHA, TLS_ECDHE_RSA_WITH_AES_256_CBC_SHA, TLS_RSA_WITH_AES_128_GCM_SHA256, TLS_RSA_WITH_AES_128_CBC_SHA, TLS_RSA_WITH_AES_256_CBC_SHA]
12:00:31.324 [main] DEBUG io.netty.channel.MultithreadEventLoopGroup - -Dio.netty.eventLoopThreads: 24
12:00:31.330 [main] DEBUG io.netty.channel.nio.NioEventLoop - -Dio.netty.noKeySetOptimization: false
12:00:31.330 [main] DEBUG io.netty.channel.nio.NioEventLoop - -Dio.netty.selectorAutoRebuildThreshold: 512
12:00:31.356 [main] DEBUG io.netty.buffer.PooledByteBufAllocator - -Dio.netty.allocator.numHeapArenas: 24
12:00:31.356 [main] DEBUG io.netty.buffer.PooledByteBufAllocator - -Dio.netty.allocator.numDirectArenas: 24
12:00:31.356 [main] DEBUG io.netty.buffer.PooledByteBufAllocator - -Dio.netty.allocator.pageSize: 8192
12:00:31.357 [main] DEBUG io.netty.buffer.PooledByteBufAllocator - -Dio.netty.allocator.maxOrder: 9
12:00:31.357 [main] DEBUG io.netty.buffer.PooledByteBufAllocator - -Dio.netty.allocator.chunkSize: 4194304
12:00:31.357 [main] DEBUG io.netty.buffer.PooledByteBufAllocator - -Dio.netty.allocator.smallCacheSize: 256
12:00:31.357 [main] DEBUG io.netty.buffer.PooledByteBufAllocator - -Dio.netty.allocator.normalCacheSize: 64
12:00:31.357 [main] DEBUG io.netty.buffer.PooledByteBufAllocator - -Dio.netty.allocator.maxCachedBufferCapacity: 32768
12:00:31.357 [main] DEBUG io.netty.buffer.PooledByteBufAllocator - -Dio.netty.allocator.cacheTrimInterval: 8192
12:00:31.357 [main] DEBUG io.netty.buffer.PooledByteBufAllocator - -Dio.netty.allocator.cacheTrimIntervalMillis: 0
12:00:31.357 [main] DEBUG io.netty.buffer.PooledByteBufAllocator - -Dio.netty.allocator.useCacheForAllThreads: false
12:00:31.357 [main] DEBUG io.netty.buffer.PooledByteBufAllocator - -Dio.netty.allocator.maxCachedByteBuffersPerChunk: 1023
12:00:31.363 [main] DEBUG io.netty.buffer.ByteBufUtil - -Dio.netty.allocator.type: pooled
12:00:31.364 [main] DEBUG io.netty.buffer.ByteBufUtil - -Dio.netty.threadLocalDirectBufferSize: 0
12:00:31.364 [main] DEBUG io.netty.buffer.ByteBufUtil - -Dio.netty.maxThreadLocalCharBufferSize: 16384
12:00:32.035 [Forwarding newSession on session null to remote] DEBUG io.netty.channel.DefaultChannelId - -Dio.netty.processId: 9392 (auto-detected)
12:00:32.037 [Forwarding newSession on session null to remote] DEBUG io.netty.util.NetUtil - -Djava.net.preferIPv4Stack: false
12:00:32.037 [Forwarding newSession on session null to remote] DEBUG io.netty.util.NetUtil - -Djava.net.preferIPv6Addresses: false
12:00:32.102 [Forwarding newSession on session null to remote] DEBUG io.netty.util.NetUtilInitializations - Loopback interface: lo (Software Loopback Interface 1, 127.0.0.1)
12:00:32.103 [Forwarding newSession on session null to remote] DEBUG io.netty.util.NetUtil - Failed to get SOMAXCONN from sysctl and file \proc\sys\net\core\somaxconn. Default: 200
12:00:32.172 [Forwarding newSession on session null to remote] DEBUG io.netty.channel.DefaultChannelId - -Dio.netty.machineId: b4:b0:24:ff:fe:7d:a4:8c (auto-detected)
12:00:32.207 [AsyncHttpClient-1-2] DEBUG io.netty.buffer.AbstractByteBuf - -Dio.netty.buffer.checkAccessible: true
12:00:32.207 [AsyncHttpClient-1-2] DEBUG io.netty.buffer.AbstractByteBuf - -Dio.netty.buffer.checkBounds: true
12:00:32.207 [AsyncHttpClient-1-2] DEBUG io.netty.util.ResourceLeakDetectorFactory - Loaded default ResourceLeakDetector: io.netty.util.ResourceLeakDetector@6573ccb0
12:00:32.215 [AsyncHttpClient-1-2] DEBUG org.asynchttpclient.netty.channel.NettyConnectListener - Using new Channel '[id: 0x620f1558, L:/127.0.0.1:54840 - R:localhost/127.0.0.1:56665]' for 'POST' to '/session'
12:00:32.228 [AsyncHttpClient-1-2] DEBUG io.netty.util.Recycler - -Dio.netty.recycler.maxCapacityPerThread: 4096
12:00:32.228 [AsyncHttpClient-1-2] DEBUG io.netty.util.Recycler - -Dio.netty.recycler.ratio: 8
12:00:32.228 [AsyncHttpClient-1-2] DEBUG io.netty.util.Recycler - -Dio.netty.recycler.chunkSize: 32
12:00:32.228 [AsyncHttpClient-1-2] DEBUG io.netty.util.Recycler - -Dio.netty.recycler.blocking: false
12:00:32.700 [AsyncHttpClient-1-2] DEBUG io.netty.handler.codec.compression.Brotli - brotli4j not in the classpath; Brotli support will be unavailable.
12:00:32.700 [AsyncHttpClient-1-2] DEBUG org.asynchttpclient.netty.handler.HttpHandler - 

Request DefaultHttpRequest(decodeResult: success, version: HTTP/1.1)
POST /session HTTP/1.1
User-Agent: selenium/4.4.0 (java windows)
Content-Length: 1175
Content-Type: application/json; charset=utf-8
host: localhost:56665
accept: */*

Response DefaultHttpResponse(decodeResult: success, version: HTTP/1.1)
HTTP/1.1 200 OK
Content-Type: application/json; charset=utf-8
cache-control: no-cache
content-length: 791

12:00:32.706 [AsyncHttpClient-1-2] DEBUG org.asynchttpclient.netty.channel.ChannelManager - Adding key: http://localhost:56665 for channel [id: 0x620f1558, L:/127.0.0.1:54840 - R:localhost/127.0.0.1:56665]
12:00:32.752 [AsyncHttpClient-1-3] DEBUG org.asynchttpclient.netty.channel.NettyConnectListener - Using new Channel '[id: 0xce232ded, L:/127.0.0.1:54846 - R:localhost/127.0.0.1:54841]' for 'GET' to '/json/version'
12:00:32.754 [AsyncHttpClient-1-3] DEBUG org.asynchttpclient.netty.handler.HttpHandler - 

Request DefaultFullHttpRequest(decodeResult: success, version: HTTP/1.1, content: EmptyByteBufBE)
GET /json/version HTTP/1.1
User-Agent: selenium/4.4.0 (java windows)
host: localhost:54841
accept: */*

Response DefaultHttpResponse(decodeResult: success, version: HTTP/1.1)
HTTP/1.1 200 OK
Content-Type: application/json; charset=UTF-8
content-length: 424

12:00:32.754 [AsyncHttpClient-1-3] DEBUG org.asynchttpclient.netty.channel.ChannelManager - Adding key: http://localhost:54841 for channel [id: 0xce232ded, L:/127.0.0.1:54846 - R:localhost/127.0.0.1:54841]
12:00:32.761 [main] DEBUG io.netty.util.internal.ThreadLocalRandom - -Dio.netty.initialSeedUniquifier: 0x61caa8e3a1a2aa93
12:00:32.764 [AsyncHttpClient-1-4] DEBUG org.asynchttpclient.netty.channel.NettyConnectListener - Using new Channel '[id: 0x88d71c53, L:/127.0.0.1:54847 - R:localhost/127.0.0.1:54841]' for 'GET' to '/devtools/browser/42aa653e-fbcb-4bcb-96d2-f91680d06771'
12:00:32.766 [AsyncHttpClient-1-4] DEBUG org.asynchttpclient.netty.handler.WebSocketHandler - 

Request DefaultFullHttpRequest(decodeResult: success, version: HTTP/1.1, content: EmptyByteBufBE)
GET /devtools/browser/42aa653e-fbcb-4bcb-96d2-f91680d06771 HTTP/1.1
upgrade: websocket
connection: upgrade
sec-websocket-key: Q17Vca7S3JWnj2xegORebw==
sec-websocket-version: 13
origin: http://localhost:54841
host: localhost:54841
accept: */*
user-agent: AHC/2.1

Response DefaultHttpResponse(decodeResult: success, version: HTTP/1.1)
HTTP/1.1 101 WebSocket Protocol Handshake
Upgrade: WebSocket
Connection: Upgrade
Sec-WebSocket-Accept: RCcz7gxxBmNkEEIBELyuAjiLfjc=

12:00:32.837 [main] DEBUG net.thucydides.core.reflection.ClassFinder - Could not load class .inicio.CucumberTestSuite
12:00:32.837 [main] DEBUG net.thucydides.core.reflection.ClassFinder - Could not load class .inicio.navegacion.CambiarPestania
12:00:32.838 [main] DEBUG net.thucydides.core.reflection.ClassFinder - Could not load class .inicio.navegacion.ReniecPerformable
12:00:32.838 [main] DEBUG net.thucydides.core.reflection.ClassFinder - Could not load class .inicio.navegacion.ReniecURL
12:00:32.838 [main] DEBUG net.thucydides.core.reflection.ClassFinder - Could not load class .inicio.question.ReniecBy
12:00:32.838 [main] DEBUG net.thucydides.core.reflection.ClassFinder - Could not load class .inicio.question.ReniecTitulo
12:00:32.838 [main] DEBUG net.thucydides.core.reflection.ClassFinder - Could not load class .inicio.stepdefinitions.ReniecStepDefinitions
12:00:32.844 [Forwarding get on session 7d7ecb7f0c3f35b6fe1fd1ef80a5860c to remote] DEBUG org.asynchttpclient.netty.request.NettyRequestSender - Using pooled Channel '[id: 0x620f1558, L:/127.0.0.1:54840 - R:localhost/127.0.0.1:56665]' for 'POST' to 'http://localhost:56665/session/7d7ecb7f0c3f35b6fe1fd1ef80a5860c/url'
12:00:32.844 [Forwarding get on session 7d7ecb7f0c3f35b6fe1fd1ef80a5860c to remote] DEBUG org.asynchttpclient.netty.request.NettyRequestSender - Using open Channel [id: 0x620f1558, L:/127.0.0.1:54840 - R:localhost/127.0.0.1:56665] for POST '/session/7d7ecb7f0c3f35b6fe1fd1ef80a5860c/url'
12:00:33.490 [AsyncHttpClient-1-1] DEBUG org.asynchttpclient.netty.channel.DefaultChannelPool - Entry count for : http://localhost:54841 : 1
12:00:34.583 [AsyncHttpClient-1-1] DEBUG org.asynchttpclient.netty.channel.DefaultChannelPool - Entry count for : http://localhost:54841 : 1
12:00:35.683 [AsyncHttpClient-1-1] DEBUG org.asynchttpclient.netty.channel.DefaultChannelPool - Entry count for : http://localhost:54841 : 1
12:00:36.590 [AsyncHttpClient-1-2] DEBUG org.asynchttpclient.netty.handler.HttpHandler - 

Request DefaultHttpRequest(decodeResult: success, version: HTTP/1.1)
POST /session/7d7ecb7f0c3f35b6fe1fd1ef80a5860c/url HTTP/1.1
User-Agent: selenium/4.4.0 (java windows)
Content-Length: 89
Content-Type: application/json; charset=utf-8
host: localhost:56665
accept: */*

Response DefaultHttpResponse(decodeResult: success, version: HTTP/1.1)
HTTP/1.1 200 OK
Content-Type: application/json; charset=utf-8
cache-control: no-cache
content-length: 14

12:00:36.590 [AsyncHttpClient-1-2] DEBUG org.asynchttpclient.netty.channel.ChannelManager - Adding key: http://localhost:56665 for channel [id: 0x620f1558, L:/127.0.0.1:54840 - R:localhost/127.0.0.1:56665]
12:00:36.594 [Forwarding setTimeout on session 7d7ecb7f0c3f35b6fe1fd1ef80a5860c to remote] DEBUG org.asynchttpclient.netty.request.NettyRequestSender - Using pooled Channel '[id: 0x620f1558, L:/127.0.0.1:54840 - R:localhost/127.0.0.1:56665]' for 'POST' to 'http://localhost:56665/session/7d7ecb7f0c3f35b6fe1fd1ef80a5860c/timeouts'
12:00:36.594 [Forwarding setTimeout on session 7d7ecb7f0c3f35b6fe1fd1ef80a5860c to remote] DEBUG org.asynchttpclient.netty.request.NettyRequestSender - Using open Channel [id: 0x620f1558, L:/127.0.0.1:54840 - R:localhost/127.0.0.1:56665] for POST '/session/7d7ecb7f0c3f35b6fe1fd1ef80a5860c/timeouts'
12:00:36.595 [AsyncHttpClient-1-2] DEBUG org.asynchttpclient.netty.handler.HttpHandler - 

Request DefaultHttpRequest(decodeResult: success, version: HTTP/1.1)
POST /session/7d7ecb7f0c3f35b6fe1fd1ef80a5860c/timeouts HTTP/1.1
User-Agent: selenium/4.4.0 (java windows)
Content-Length: 22
Content-Type: application/json; charset=utf-8
host: localhost:56665
accept: */*

Response DefaultHttpResponse(decodeResult: success, version: HTTP/1.1)
HTTP/1.1 200 OK
Content-Type: application/json; charset=utf-8
cache-control: no-cache
content-length: 14

12:00:36.595 [AsyncHttpClient-1-2] DEBUG org.asynchttpclient.netty.channel.ChannelManager - Adding key: http://localhost:56665 for channel [id: 0x620f1558, L:/127.0.0.1:54840 - R:localhost/127.0.0.1:56665]
12:00:36.599 [Forwarding getCurrentUrl on session 7d7ecb7f0c3f35b6fe1fd1ef80a5860c to remote] DEBUG org.asynchttpclient.netty.request.NettyRequestSender - Using pooled Channel '[id: 0x620f1558, L:/127.0.0.1:54840 - R:localhost/127.0.0.1:56665]' for 'GET' to 'http://localhost:56665/session/7d7ecb7f0c3f35b6fe1fd1ef80a5860c/url'
12:00:36.599 [Forwarding getCurrentUrl on session 7d7ecb7f0c3f35b6fe1fd1ef80a5860c to remote] DEBUG org.asynchttpclient.netty.request.NettyRequestSender - Using open Channel [id: 0x620f1558, L:/127.0.0.1:54840 - R:localhost/127.0.0.1:56665] for GET '/session/7d7ecb7f0c3f35b6fe1fd1ef80a5860c/url'
12:00:36.602 [AsyncHttpClient-1-2] DEBUG org.asynchttpclient.netty.handler.HttpHandler - 

Request DefaultFullHttpRequest(decodeResult: success, version: HTTP/1.1, content: EmptyByteBufBE)
GET /session/7d7ecb7f0c3f35b6fe1fd1ef80a5860c/url HTTP/1.1
User-Agent: selenium/4.4.0 (java windows)
Cache-Control: no-cache
Content-Type: application/json; charset=utf-8
host: localhost:56665
accept: */*

Response DefaultHttpResponse(decodeResult: success, version: HTTP/1.1)
HTTP/1.1 200 OK
Content-Type: application/json; charset=utf-8
cache-control: no-cache
content-length: 66

12:00:36.602 [AsyncHttpClient-1-2] DEBUG org.asynchttpclient.netty.channel.ChannelManager - Adding key: http://localhost:56665 for channel [id: 0x620f1558, L:/127.0.0.1:54840 - R:localhost/127.0.0.1:56665]
12:00:36.605 [Forwarding getCurrentUrl on session 7d7ecb7f0c3f35b6fe1fd1ef80a5860c to remote] DEBUG org.asynchttpclient.netty.request.NettyRequestSender - Using pooled Channel '[id: 0x620f1558, L:/127.0.0.1:54840 - R:localhost/127.0.0.1:56665]' for 'GET' to 'http://localhost:56665/session/7d7ecb7f0c3f35b6fe1fd1ef80a5860c/url'
12:00:36.605 [Forwarding getCurrentUrl on session 7d7ecb7f0c3f35b6fe1fd1ef80a5860c to remote] DEBUG org.asynchttpclient.netty.request.NettyRequestSender - Using open Channel [id: 0x620f1558, L:/127.0.0.1:54840 - R:localhost/127.0.0.1:56665] for GET '/session/7d7ecb7f0c3f35b6fe1fd1ef80a5860c/url'
12:00:36.607 [AsyncHttpClient-1-2] DEBUG org.asynchttpclient.netty.handler.HttpHandler - 

Request DefaultFullHttpRequest(decodeResult: success, version: HTTP/1.1, content: EmptyByteBufBE)
GET /session/7d7ecb7f0c3f35b6fe1fd1ef80a5860c/url HTTP/1.1
User-Agent: selenium/4.4.0 (java windows)
Cache-Control: no-cache
Content-Type: application/json; charset=utf-8
host: localhost:56665
accept: */*

Response DefaultHttpResponse(decodeResult: success, version: HTTP/1.1)
HTTP/1.1 200 OK
Content-Type: application/json; charset=utf-8
cache-control: no-cache
content-length: 66

12:00:36.607 [AsyncHttpClient-1-2] DEBUG org.asynchttpclient.netty.channel.ChannelManager - Adding key: http://localhost:56665 for channel [id: 0x620f1558, L:/127.0.0.1:54840 - R:localhost/127.0.0.1:56665]
12:00:36.621 [main] DEBUG net.serenitybdd.core.photography.Darkroom - Opening darkroom
12:00:36.622 [Darkroom Processing Line] DEBUG net.serenitybdd.core.photography.DarkroomProcessingLine - Darkroom processing line starting up
12:00:36.624 [Forwarding getCurrentWindowHandle on session 7d7ecb7f0c3f35b6fe1fd1ef80a5860c to remote] DEBUG org.asynchttpclient.netty.request.NettyRequestSender - Using pooled Channel '[id: 0x620f1558, L:/127.0.0.1:54840 - R:localhost/127.0.0.1:56665]' for 'GET' to 'http://localhost:56665/session/7d7ecb7f0c3f35b6fe1fd1ef80a5860c/window'
12:00:36.624 [Forwarding getCurrentWindowHandle on session 7d7ecb7f0c3f35b6fe1fd1ef80a5860c to remote] DEBUG org.asynchttpclient.netty.request.NettyRequestSender - Using open Channel [id: 0x620f1558, L:/127.0.0.1:54840 - R:localhost/127.0.0.1:56665] for GET '/session/7d7ecb7f0c3f35b6fe1fd1ef80a5860c/window'
12:00:36.625 [AsyncHttpClient-1-2] DEBUG org.asynchttpclient.netty.handler.HttpHandler - 

Request DefaultFullHttpRequest(decodeResult: success, version: HTTP/1.1, content: EmptyByteBufBE)
GET /session/7d7ecb7f0c3f35b6fe1fd1ef80a5860c/window HTTP/1.1
User-Agent: selenium/4.4.0 (java windows)
Cache-Control: no-cache
Content-Type: application/json; charset=utf-8
host: localhost:56665
accept: */*

Response DefaultHttpResponse(decodeResult: success, version: HTTP/1.1)
HTTP/1.1 200 OK
Content-Type: application/json; charset=utf-8
cache-control: no-cache
content-length: 53

12:00:36.625 [AsyncHttpClient-1-2] DEBUG org.asynchttpclient.netty.channel.ChannelManager - Adding key: http://localhost:56665 for channel [id: 0x620f1558, L:/127.0.0.1:54840 - R:localhost/127.0.0.1:56665]
12:00:36.626 [Forwarding getAlertText on session 7d7ecb7f0c3f35b6fe1fd1ef80a5860c to remote] DEBUG org.asynchttpclient.netty.request.NettyRequestSender - Using pooled Channel '[id: 0x620f1558, L:/127.0.0.1:54840 - R:localhost/127.0.0.1:56665]' for 'GET' to 'http://localhost:56665/session/7d7ecb7f0c3f35b6fe1fd1ef80a5860c/alert/text'
12:00:36.626 [Forwarding getAlertText on session 7d7ecb7f0c3f35b6fe1fd1ef80a5860c to remote] DEBUG org.asynchttpclient.netty.request.NettyRequestSender - Using open Channel [id: 0x620f1558, L:/127.0.0.1:54840 - R:localhost/127.0.0.1:56665] for GET '/session/7d7ecb7f0c3f35b6fe1fd1ef80a5860c/alert/text'
12:00:36.627 [AsyncHttpClient-1-2] DEBUG org.asynchttpclient.netty.handler.HttpHandler - 

Request DefaultFullHttpRequest(decodeResult: success, version: HTTP/1.1, content: EmptyByteBufBE)
GET /session/7d7ecb7f0c3f35b6fe1fd1ef80a5860c/alert/text HTTP/1.1
User-Agent: selenium/4.4.0 (java windows)
Cache-Control: no-cache
Content-Type: application/json; charset=utf-8
host: localhost:56665
accept: */*

Response DefaultHttpResponse(decodeResult: success, version: HTTP/1.1)
HTTP/1.1 404 Not Found
Content-Type: application/json; charset=utf-8
cache-control: no-cache
content-length: 835

12:00:36.628 [AsyncHttpClient-1-2] DEBUG org.asynchttpclient.netty.channel.ChannelManager - Adding key: http://localhost:56665 for channel [id: 0x620f1558, L:/127.0.0.1:54840 - R:localhost/127.0.0.1:56665]
12:00:36.633 [Forwarding switchToWindow on session 7d7ecb7f0c3f35b6fe1fd1ef80a5860c to remote] DEBUG org.asynchttpclient.netty.request.NettyRequestSender - Using pooled Channel '[id: 0x620f1558, L:/127.0.0.1:54840 - R:localhost/127.0.0.1:56665]' for 'POST' to 'http://localhost:56665/session/7d7ecb7f0c3f35b6fe1fd1ef80a5860c/window'
12:00:36.633 [Forwarding switchToWindow on session 7d7ecb7f0c3f35b6fe1fd1ef80a5860c to remote] DEBUG org.asynchttpclient.netty.request.NettyRequestSender - Using open Channel [id: 0x620f1558, L:/127.0.0.1:54840 - R:localhost/127.0.0.1:56665] for POST '/session/7d7ecb7f0c3f35b6fe1fd1ef80a5860c/window'
12:00:36.635 [AsyncHttpClient-1-2] DEBUG org.asynchttpclient.netty.handler.HttpHandler - 

Request DefaultHttpRequest(decodeResult: success, version: HTTP/1.1)
POST /session/7d7ecb7f0c3f35b6fe1fd1ef80a5860c/window HTTP/1.1
User-Agent: selenium/4.4.0 (java windows)
Content-Length: 59
Content-Type: application/json; charset=utf-8
host: localhost:56665
accept: */*

Response DefaultHttpResponse(decodeResult: success, version: HTTP/1.1)
HTTP/1.1 200 OK
Content-Type: application/json; charset=utf-8
cache-control: no-cache
content-length: 14

12:00:36.635 [AsyncHttpClient-1-2] DEBUG org.asynchttpclient.netty.channel.ChannelManager - Adding key: http://localhost:56665 for channel [id: 0x620f1558, L:/127.0.0.1:54840 - R:localhost/127.0.0.1:56665]
12:00:36.636 [Forwarding getCurrentUrl on session 7d7ecb7f0c3f35b6fe1fd1ef80a5860c to remote] DEBUG org.asynchttpclient.netty.request.NettyRequestSender - Using pooled Channel '[id: 0x620f1558, L:/127.0.0.1:54840 - R:localhost/127.0.0.1:56665]' for 'GET' to 'http://localhost:56665/session/7d7ecb7f0c3f35b6fe1fd1ef80a5860c/url'
12:00:36.636 [Forwarding getCurrentUrl on session 7d7ecb7f0c3f35b6fe1fd1ef80a5860c to remote] DEBUG org.asynchttpclient.netty.request.NettyRequestSender - Using open Channel [id: 0x620f1558, L:/127.0.0.1:54840 - R:localhost/127.0.0.1:56665] for GET '/session/7d7ecb7f0c3f35b6fe1fd1ef80a5860c/url'
12:00:36.638 [AsyncHttpClient-1-2] DEBUG org.asynchttpclient.netty.handler.HttpHandler - 

Request DefaultFullHttpRequest(decodeResult: success, version: HTTP/1.1, content: EmptyByteBufBE)
GET /session/7d7ecb7f0c3f35b6fe1fd1ef80a5860c/url HTTP/1.1
User-Agent: selenium/4.4.0 (java windows)
Cache-Control: no-cache
Content-Type: application/json; charset=utf-8
host: localhost:56665
accept: */*

Response DefaultHttpResponse(decodeResult: success, version: HTTP/1.1)
HTTP/1.1 200 OK
Content-Type: application/json; charset=utf-8
cache-control: no-cache
content-length: 66

12:00:36.638 [AsyncHttpClient-1-2] DEBUG org.asynchttpclient.netty.channel.ChannelManager - Adding key: http://localhost:56665 for channel [id: 0x620f1558, L:/127.0.0.1:54840 - R:localhost/127.0.0.1:56665]
12:00:36.640 [Forwarding screenshot on session 7d7ecb7f0c3f35b6fe1fd1ef80a5860c to remote] DEBUG org.asynchttpclient.netty.request.NettyRequestSender - Using pooled Channel '[id: 0x620f1558, L:/127.0.0.1:54840 - R:localhost/127.0.0.1:56665]' for 'GET' to 'http://localhost:56665/session/7d7ecb7f0c3f35b6fe1fd1ef80a5860c/screenshot'
12:00:36.640 [Forwarding screenshot on session 7d7ecb7f0c3f35b6fe1fd1ef80a5860c to remote] DEBUG org.asynchttpclient.netty.request.NettyRequestSender - Using open Channel [id: 0x620f1558, L:/127.0.0.1:54840 - R:localhost/127.0.0.1:56665] for GET '/session/7d7ecb7f0c3f35b6fe1fd1ef80a5860c/screenshot'
12:00:36.760 [AsyncHttpClient-1-2] DEBUG org.asynchttpclient.netty.handler.HttpHandler - 

Request DefaultFullHttpRequest(decodeResult: success, version: HTTP/1.1, content: EmptyByteBufBE)
GET /session/7d7ecb7f0c3f35b6fe1fd1ef80a5860c/screenshot HTTP/1.1
User-Agent: selenium/4.4.0 (java windows)
Cache-Control: no-cache
Content-Type: application/json; charset=utf-8
host: localhost:56665
accept: */*

Response DefaultHttpResponse(decodeResult: success, version: HTTP/1.1)
HTTP/1.1 200 OK
Content-Type: application/json; charset=utf-8
cache-control: no-cache
content-length: 343128

12:00:36.762 [AsyncHttpClient-1-2] DEBUG org.asynchttpclient.netty.channel.ChannelManager - Adding key: http://localhost:56665 for channel [id: 0x620f1558, L:/127.0.0.1:54840 - R:localhost/127.0.0.1:56665]
12:00:36.788 [AsyncHttpClient-1-1] DEBUG org.asynchttpclient.netty.channel.DefaultChannelPool - Entry count for : http://localhost:56665 : 1
12:00:36.788 [AsyncHttpClient-1-1] DEBUG org.asynchttpclient.netty.channel.DefaultChannelPool - Entry count for : http://localhost:54841 : 1
12:00:36.829 [main] DEBUG net.serenitybdd.core.photography.Darkroom - Send negative for processing for target\site\serenity\04f458751a0d8c1132b1273c51d731c9157f7e4466516a76732661f00e6db00c.png
12:00:36.830 [Darkroom Processing Line] DEBUG net.serenitybdd.core.photography.DarkroomProcessingLine - Processing screenshot image in /var/screenshots/screenshot-3192217266134232940
12:00:36.830 [Darkroom Processing Line] DEBUG net.serenitybdd.core.photography.DarkroomProcessingLine - Saving screenshot to target\site\serenity\04f458751a0d8c1132b1273c51d731c9157f7e4466516a76732661f00e6db00c.png
12:00:36.832 [main] DEBUG net.thucydides.core.steps.StepInterceptor - STEP DONE: {0} opens the #targetPageName
12:00:36.837 [main] DEBUG net.thucydides.core.steps.StepInterceptor - STEP DONE: !#title
12:00:36.843 [Forwarding getPageSource on session 7d7ecb7f0c3f35b6fe1fd1ef80a5860c to remote] DEBUG org.asynchttpclient.netty.request.NettyRequestSender - Using pooled Channel '[id: 0x620f1558, L:/127.0.0.1:54840 - R:localhost/127.0.0.1:56665]' for 'POST' to 'http://localhost:56665/session/7d7ecb7f0c3f35b6fe1fd1ef80a5860c/execute/sync'
12:00:36.843 [Forwarding getPageSource on session 7d7ecb7f0c3f35b6fe1fd1ef80a5860c to remote] DEBUG org.asynchttpclient.netty.request.NettyRequestSender - Using open Channel [id: 0x620f1558, L:/127.0.0.1:54840 - R:localhost/127.0.0.1:56665] for POST '/session/7d7ecb7f0c3f35b6fe1fd1ef80a5860c/execute/sync'
12:00:36.850 [AsyncHttpClient-1-2] DEBUG org.asynchttpclient.netty.handler.HttpHandler - 

Request DefaultHttpRequest(decodeResult: success, version: HTTP/1.1)
POST /session/7d7ecb7f0c3f35b6fe1fd1ef80a5860c/execute/sync HTTP/1.1
User-Agent: selenium/4.4.0 (java windows)
Content-Length: 176
Content-Type: application/json; charset=utf-8
host: localhost:56665
accept: */*

Response DefaultHttpResponse(decodeResult: success, version: HTTP/1.1)
HTTP/1.1 200 OK
Content-Type: application/json; charset=utf-8
cache-control: no-cache
content-length: 69968

12:00:36.850 [AsyncHttpClient-1-2] DEBUG org.asynchttpclient.netty.channel.ChannelManager - Adding key: http://localhost:56665 for channel [id: 0x620f1558, L:/127.0.0.1:54840 - R:localhost/127.0.0.1:56665]
12:00:36.927 [Forwarding getCurrentUrl on session 7d7ecb7f0c3f35b6fe1fd1ef80a5860c to remote] DEBUG org.asynchttpclient.netty.request.NettyRequestSender - Using pooled Channel '[id: 0x620f1558, L:/127.0.0.1:54840 - R:localhost/127.0.0.1:56665]' for 'GET' to 'http://localhost:56665/session/7d7ecb7f0c3f35b6fe1fd1ef80a5860c/url'
12:00:36.927 [Forwarding getCurrentUrl on session 7d7ecb7f0c3f35b6fe1fd1ef80a5860c to remote] DEBUG org.asynchttpclient.netty.request.NettyRequestSender - Using open Channel [id: 0x620f1558, L:/127.0.0.1:54840 - R:localhost/127.0.0.1:56665] for GET '/session/7d7ecb7f0c3f35b6fe1fd1ef80a5860c/url'
12:00:36.931 [AsyncHttpClient-1-2] DEBUG org.asynchttpclient.netty.handler.HttpHandler - 

Request DefaultFullHttpRequest(decodeResult: success, version: HTTP/1.1, content: EmptyByteBufBE)
GET /session/7d7ecb7f0c3f35b6fe1fd1ef80a5860c/url HTTP/1.1
User-Agent: selenium/4.4.0 (java windows)
Cache-Control: no-cache
Content-Type: application/json; charset=utf-8
host: localhost:56665
accept: */*

Response DefaultHttpResponse(decodeResult: success, version: HTTP/1.1)
HTTP/1.1 200 OK
Content-Type: application/json; charset=utf-8
cache-control: no-cache
content-length: 66

12:00:36.931 [AsyncHttpClient-1-2] DEBUG org.asynchttpclient.netty.channel.ChannelManager - Adding key: http://localhost:56665 for channel [id: 0x620f1558, L:/127.0.0.1:54840 - R:localhost/127.0.0.1:56665]
12:00:36.961 [Forwarding getCurrentWindowHandle on session 7d7ecb7f0c3f35b6fe1fd1ef80a5860c to remote] DEBUG org.asynchttpclient.netty.request.NettyRequestSender - Using pooled Channel '[id: 0x620f1558, L:/127.0.0.1:54840 - R:localhost/127.0.0.1:56665]' for 'GET' to 'http://localhost:56665/session/7d7ecb7f0c3f35b6fe1fd1ef80a5860c/window'
12:00:36.961 [Forwarding getCurrentWindowHandle on session 7d7ecb7f0c3f35b6fe1fd1ef80a5860c to remote] DEBUG org.asynchttpclient.netty.request.NettyRequestSender - Using open Channel [id: 0x620f1558, L:/127.0.0.1:54840 - R:localhost/127.0.0.1:56665] for GET '/session/7d7ecb7f0c3f35b6fe1fd1ef80a5860c/window'
12:00:36.962 [AsyncHttpClient-1-2] DEBUG org.asynchttpclient.netty.handler.HttpHandler - 

Request DefaultFullHttpRequest(decodeResult: success, version: HTTP/1.1, content: EmptyByteBufBE)
GET /session/7d7ecb7f0c3f35b6fe1fd1ef80a5860c/window HTTP/1.1
User-Agent: selenium/4.4.0 (java windows)
Cache-Control: no-cache
Content-Type: application/json; charset=utf-8
host: localhost:56665
accept: */*

Response DefaultHttpResponse(decodeResult: success, version: HTTP/1.1)
HTTP/1.1 200 OK
Content-Type: application/json; charset=utf-8
cache-control: no-cache
content-length: 53

12:00:36.962 [AsyncHttpClient-1-2] DEBUG org.asynchttpclient.netty.channel.ChannelManager - Adding key: http://localhost:56665 for channel [id: 0x620f1558, L:/127.0.0.1:54840 - R:localhost/127.0.0.1:56665]
12:00:36.963 [Forwarding getAlertText on session 7d7ecb7f0c3f35b6fe1fd1ef80a5860c to remote] DEBUG org.asynchttpclient.netty.request.NettyRequestSender - Using pooled Channel '[id: 0x620f1558, L:/127.0.0.1:54840 - R:localhost/127.0.0.1:56665]' for 'GET' to 'http://localhost:56665/session/7d7ecb7f0c3f35b6fe1fd1ef80a5860c/alert/text'
12:00:36.964 [Forwarding getAlertText on session 7d7ecb7f0c3f35b6fe1fd1ef80a5860c to remote] DEBUG org.asynchttpclient.netty.request.NettyRequestSender - Using open Channel [id: 0x620f1558, L:/127.0.0.1:54840 - R:localhost/127.0.0.1:56665] for GET '/session/7d7ecb7f0c3f35b6fe1fd1ef80a5860c/alert/text'
12:00:36.965 [AsyncHttpClient-1-2] DEBUG org.asynchttpclient.netty.handler.HttpHandler - 

Request DefaultFullHttpRequest(decodeResult: success, version: HTTP/1.1, content: EmptyByteBufBE)
GET /session/7d7ecb7f0c3f35b6fe1fd1ef80a5860c/alert/text HTTP/1.1
User-Agent: selenium/4.4.0 (java windows)
Cache-Control: no-cache
Content-Type: application/json; charset=utf-8
host: localhost:56665
accept: */*

Response DefaultHttpResponse(decodeResult: success, version: HTTP/1.1)
HTTP/1.1 404 Not Found
Content-Type: application/json; charset=utf-8
cache-control: no-cache
content-length: 835

12:00:36.965 [AsyncHttpClient-1-2] DEBUG org.asynchttpclient.netty.channel.ChannelManager - Adding key: http://localhost:56665 for channel [id: 0x620f1558, L:/127.0.0.1:54840 - R:localhost/127.0.0.1:56665]
12:00:36.967 [Forwarding switchToWindow on session 7d7ecb7f0c3f35b6fe1fd1ef80a5860c to remote] DEBUG org.asynchttpclient.netty.request.NettyRequestSender - Using pooled Channel '[id: 0x620f1558, L:/127.0.0.1:54840 - R:localhost/127.0.0.1:56665]' for 'POST' to 'http://localhost:56665/session/7d7ecb7f0c3f35b6fe1fd1ef80a5860c/window'
12:00:36.967 [Forwarding switchToWindow on session 7d7ecb7f0c3f35b6fe1fd1ef80a5860c to remote] DEBUG org.asynchttpclient.netty.request.NettyRequestSender - Using open Channel [id: 0x620f1558, L:/127.0.0.1:54840 - R:localhost/127.0.0.1:56665] for POST '/session/7d7ecb7f0c3f35b6fe1fd1ef80a5860c/window'
12:00:36.969 [AsyncHttpClient-1-2] DEBUG org.asynchttpclient.netty.handler.HttpHandler - 

Request DefaultHttpRequest(decodeResult: success, version: HTTP/1.1)
POST /session/7d7ecb7f0c3f35b6fe1fd1ef80a5860c/window HTTP/1.1
User-Agent: selenium/4.4.0 (java windows)
Content-Length: 59
Content-Type: application/json; charset=utf-8
host: localhost:56665
accept: */*

Response DefaultHttpResponse(decodeResult: success, version: HTTP/1.1)
HTTP/1.1 200 OK
Content-Type: application/json; charset=utf-8
cache-control: no-cache
content-length: 14

12:00:36.969 [AsyncHttpClient-1-2] DEBUG org.asynchttpclient.netty.channel.ChannelManager - Adding key: http://localhost:56665 for channel [id: 0x620f1558, L:/127.0.0.1:54840 - R:localhost/127.0.0.1:56665]
12:00:36.969 [Forwarding getCurrentUrl on session 7d7ecb7f0c3f35b6fe1fd1ef80a5860c to remote] DEBUG org.asynchttpclient.netty.request.NettyRequestSender - Using pooled Channel '[id: 0x620f1558, L:/127.0.0.1:54840 - R:localhost/127.0.0.1:56665]' for 'GET' to 'http://localhost:56665/session/7d7ecb7f0c3f35b6fe1fd1ef80a5860c/url'
12:00:36.969 [Forwarding getCurrentUrl on session 7d7ecb7f0c3f35b6fe1fd1ef80a5860c to remote] DEBUG org.asynchttpclient.netty.request.NettyRequestSender - Using open Channel [id: 0x620f1558, L:/127.0.0.1:54840 - R:localhost/127.0.0.1:56665] for GET '/session/7d7ecb7f0c3f35b6fe1fd1ef80a5860c/url'
12:00:36.972 [AsyncHttpClient-1-2] DEBUG org.asynchttpclient.netty.handler.HttpHandler - 

Request DefaultFullHttpRequest(decodeResult: success, version: HTTP/1.1, content: EmptyByteBufBE)
GET /session/7d7ecb7f0c3f35b6fe1fd1ef80a5860c/url HTTP/1.1
User-Agent: selenium/4.4.0 (java windows)
Cache-Control: no-cache
Content-Type: application/json; charset=utf-8
host: localhost:56665
accept: */*

Response DefaultHttpResponse(decodeResult: success, version: HTTP/1.1)
HTTP/1.1 200 OK
Content-Type: application/json; charset=utf-8
cache-control: no-cache
content-length: 66

12:00:36.972 [AsyncHttpClient-1-2] DEBUG org.asynchttpclient.netty.channel.ChannelManager - Adding key: http://localhost:56665 for channel [id: 0x620f1558, L:/127.0.0.1:54840 - R:localhost/127.0.0.1:56665]
12:00:36.972 [Forwarding screenshot on session 7d7ecb7f0c3f35b6fe1fd1ef80a5860c to remote] DEBUG org.asynchttpclient.netty.request.NettyRequestSender - Using pooled Channel '[id: 0x620f1558, L:/127.0.0.1:54840 - R:localhost/127.0.0.1:56665]' for 'GET' to 'http://localhost:56665/session/7d7ecb7f0c3f35b6fe1fd1ef80a5860c/screenshot'
12:00:36.972 [Forwarding screenshot on session 7d7ecb7f0c3f35b6fe1fd1ef80a5860c to remote] DEBUG org.asynchttpclient.netty.request.NettyRequestSender - Using open Channel [id: 0x620f1558, L:/127.0.0.1:54840 - R:localhost/127.0.0.1:56665] for GET '/session/7d7ecb7f0c3f35b6fe1fd1ef80a5860c/screenshot'
12:00:37.097 [AsyncHttpClient-1-2] DEBUG org.asynchttpclient.netty.handler.HttpHandler - 

Request DefaultFullHttpRequest(decodeResult: success, version: HTTP/1.1, content: EmptyByteBufBE)
GET /session/7d7ecb7f0c3f35b6fe1fd1ef80a5860c/screenshot HTTP/1.1
User-Agent: selenium/4.4.0 (java windows)
Cache-Control: no-cache
Content-Type: application/json; charset=utf-8
host: localhost:56665
accept: */*

Response DefaultHttpResponse(decodeResult: success, version: HTTP/1.1)
HTTP/1.1 200 OK
Content-Type: application/json; charset=utf-8
cache-control: no-cache
content-length: 388776

12:00:37.099 [AsyncHttpClient-1-2] DEBUG org.asynchttpclient.netty.channel.ChannelManager - Adding key: http://localhost:56665 for channel [id: 0x620f1558, L:/127.0.0.1:54840 - R:localhost/127.0.0.1:56665]
12:00:37.108 [main] DEBUG net.serenitybdd.core.photography.Darkroom - Send negative for processing for target\site\serenity\e974986a2a651cc6ed4f53dca19c66e610d09e8c95dbcdc07485ded1e56bc627.png
12:00:37.108 [Darkroom Processing Line] DEBUG net.serenitybdd.core.photography.DarkroomProcessingLine - Processing screenshot image in /var/screenshots/screenshot-8425065177067965622
12:00:37.108 [Darkroom Processing Line] DEBUG net.serenitybdd.core.photography.DarkroomProcessingLine - Saving screenshot to target\site\serenity\e974986a2a651cc6ed4f53dca19c66e610d09e8c95dbcdc07485ded1e56bc627.png
12:00:37.121 [Forwarding getPageSource on session 7d7ecb7f0c3f35b6fe1fd1ef80a5860c to remote] DEBUG org.asynchttpclient.netty.request.NettyRequestSender - Using pooled Channel '[id: 0x620f1558, L:/127.0.0.1:54840 - R:localhost/127.0.0.1:56665]' for 'POST' to 'http://localhost:56665/session/7d7ecb7f0c3f35b6fe1fd1ef80a5860c/execute/sync'
12:00:37.121 [Forwarding getPageSource on session 7d7ecb7f0c3f35b6fe1fd1ef80a5860c to remote] DEBUG org.asynchttpclient.netty.request.NettyRequestSender - Using open Channel [id: 0x620f1558, L:/127.0.0.1:54840 - R:localhost/127.0.0.1:56665] for POST '/session/7d7ecb7f0c3f35b6fe1fd1ef80a5860c/execute/sync'
12:00:37.127 [AsyncHttpClient-1-2] DEBUG org.asynchttpclient.netty.handler.HttpHandler - 

Request DefaultHttpRequest(decodeResult: success, version: HTTP/1.1)
POST /session/7d7ecb7f0c3f35b6fe1fd1ef80a5860c/execute/sync HTTP/1.1
User-Agent: selenium/4.4.0 (java windows)
Content-Length: 176
Content-Type: application/json; charset=utf-8
host: localhost:56665
accept: */*

Response DefaultHttpResponse(decodeResult: success, version: HTTP/1.1)
HTTP/1.1 200 OK
Content-Type: application/json; charset=utf-8
cache-control: no-cache
content-length: 69968

12:00:37.127 [AsyncHttpClient-1-2] DEBUG org.asynchttpclient.netty.channel.ChannelManager - Adding key: http://localhost:56665 for channel [id: 0x620f1558, L:/127.0.0.1:54840 - R:localhost/127.0.0.1:56665]
12:00:37.138 [Forwarding getCurrentUrl on session 7d7ecb7f0c3f35b6fe1fd1ef80a5860c to remote] DEBUG org.asynchttpclient.netty.request.NettyRequestSender - Using pooled Channel '[id: 0x620f1558, L:/127.0.0.1:54840 - R:localhost/127.0.0.1:56665]' for 'GET' to 'http://localhost:56665/session/7d7ecb7f0c3f35b6fe1fd1ef80a5860c/url'
12:00:37.138 [Forwarding getCurrentUrl on session 7d7ecb7f0c3f35b6fe1fd1ef80a5860c to remote] DEBUG org.asynchttpclient.netty.request.NettyRequestSender - Using open Channel [id: 0x620f1558, L:/127.0.0.1:54840 - R:localhost/127.0.0.1:56665] for GET '/session/7d7ecb7f0c3f35b6fe1fd1ef80a5860c/url'
12:00:37.142 [AsyncHttpClient-1-2] DEBUG org.asynchttpclient.netty.handler.HttpHandler - 

Request DefaultFullHttpRequest(decodeResult: success, version: HTTP/1.1, content: EmptyByteBufBE)
GET /session/7d7ecb7f0c3f35b6fe1fd1ef80a5860c/url HTTP/1.1
User-Agent: selenium/4.4.0 (java windows)
Cache-Control: no-cache
Content-Type: application/json; charset=utf-8
host: localhost:56665
accept: */*

Response DefaultHttpResponse(decodeResult: success, version: HTTP/1.1)
HTTP/1.1 200 OK
Content-Type: application/json; charset=utf-8
cache-control: no-cache
content-length: 66

12:00:37.142 [AsyncHttpClient-1-2] DEBUG org.asynchttpclient.netty.channel.ChannelManager - Adding key: http://localhost:56665 for channel [id: 0x620f1558, L:/127.0.0.1:54840 - R:localhost/127.0.0.1:56665]
12:00:37.143 [main] DEBUG net.thucydides.core.steps.StepInterceptor - STARTING STEP: ReniecStepDefinitions.usuarioHaceClickPeruanosEEE - !#title
12:00:37.149 [Forwarding getPageSource on session 7d7ecb7f0c3f35b6fe1fd1ef80a5860c to remote] DEBUG org.asynchttpclient.netty.request.NettyRequestSender - Using pooled Channel '[id: 0x620f1558, L:/127.0.0.1:54840 - R:localhost/127.0.0.1:56665]' for 'POST' to 'http://localhost:56665/session/7d7ecb7f0c3f35b6fe1fd1ef80a5860c/execute/sync'
12:00:37.149 [Forwarding getPageSource on session 7d7ecb7f0c3f35b6fe1fd1ef80a5860c to remote] DEBUG org.asynchttpclient.netty.request.NettyRequestSender - Using open Channel [id: 0x620f1558, L:/127.0.0.1:54840 - R:localhost/127.0.0.1:56665] for POST '/session/7d7ecb7f0c3f35b6fe1fd1ef80a5860c/execute/sync'
12:00:37.155 [AsyncHttpClient-1-2] DEBUG org.asynchttpclient.netty.handler.HttpHandler - 

Request DefaultHttpRequest(decodeResult: success, version: HTTP/1.1)
POST /session/7d7ecb7f0c3f35b6fe1fd1ef80a5860c/execute/sync HTTP/1.1
User-Agent: selenium/4.4.0 (java windows)
Content-Length: 176
Content-Type: application/json; charset=utf-8
host: localhost:56665
accept: */*

Response DefaultHttpResponse(decodeResult: success, version: HTTP/1.1)
HTTP/1.1 200 OK
Content-Type: application/json; charset=utf-8
cache-control: no-cache
content-length: 69968

12:00:37.155 [AsyncHttpClient-1-2] DEBUG org.asynchttpclient.netty.channel.ChannelManager - Adding key: http://localhost:56665 for channel [id: 0x620f1558, L:/127.0.0.1:54840 - R:localhost/127.0.0.1:56665]
12:00:37.164 [Forwarding getCurrentUrl on session 7d7ecb7f0c3f35b6fe1fd1ef80a5860c to remote] DEBUG org.asynchttpclient.netty.request.NettyRequestSender - Using pooled Channel '[id: 0x620f1558, L:/127.0.0.1:54840 - R:localhost/127.0.0.1:56665]' for 'GET' to 'http://localhost:56665/session/7d7ecb7f0c3f35b6fe1fd1ef80a5860c/url'
12:00:37.164 [Forwarding getCurrentUrl on session 7d7ecb7f0c3f35b6fe1fd1ef80a5860c to remote] DEBUG org.asynchttpclient.netty.request.NettyRequestSender - Using open Channel [id: 0x620f1558, L:/127.0.0.1:54840 - R:localhost/127.0.0.1:56665] for GET '/session/7d7ecb7f0c3f35b6fe1fd1ef80a5860c/url'
12:00:37.169 [AsyncHttpClient-1-2] DEBUG org.asynchttpclient.netty.handler.HttpHandler - 

Request DefaultFullHttpRequest(decodeResult: success, version: HTTP/1.1, content: EmptyByteBufBE)
GET /session/7d7ecb7f0c3f35b6fe1fd1ef80a5860c/url HTTP/1.1
User-Agent: selenium/4.4.0 (java windows)
Cache-Control: no-cache
Content-Type: application/json; charset=utf-8
host: localhost:56665
accept: */*

Response DefaultHttpResponse(decodeResult: success, version: HTTP/1.1)
HTTP/1.1 200 OK
Content-Type: application/json; charset=utf-8
cache-control: no-cache
content-length: 66

12:00:37.169 [AsyncHttpClient-1-2] DEBUG org.asynchttpclient.netty.channel.ChannelManager - Adding key: http://localhost:56665 for channel [id: 0x620f1558, L:/127.0.0.1:54840 - R:localhost/127.0.0.1:56665]
12:00:37.170 [main] DEBUG net.thucydides.core.steps.StepInterceptor - STARTING STEP: ReniecStepDefinitions.usuarioHaceClickPeruanosEEE - {0} clicks on #locators
12:00:37.178 [Forwarding findElement on session 7d7ecb7f0c3f35b6fe1fd1ef80a5860c to remote] DEBUG org.asynchttpclient.netty.request.NettyRequestSender - Using pooled Channel '[id: 0x620f1558, L:/127.0.0.1:54840 - R:localhost/127.0.0.1:56665]' for 'POST' to 'http://localhost:56665/session/7d7ecb7f0c3f35b6fe1fd1ef80a5860c/element'
12:00:37.178 [Forwarding findElement on session 7d7ecb7f0c3f35b6fe1fd1ef80a5860c to remote] DEBUG org.asynchttpclient.netty.request.NettyRequestSender - Using open Channel [id: 0x620f1558, L:/127.0.0.1:54840 - R:localhost/127.0.0.1:56665] for POST '/session/7d7ecb7f0c3f35b6fe1fd1ef80a5860c/element'
12:00:37.187 [AsyncHttpClient-1-2] DEBUG org.asynchttpclient.netty.handler.HttpHandler - 

Request DefaultHttpRequest(decodeResult: success, version: HTTP/1.1)
POST /session/7d7ecb7f0c3f35b6fe1fd1ef80a5860c/element HTTP/1.1
User-Agent: selenium/4.4.0 (java windows)
Content-Length: 100
Content-Type: application/json; charset=utf-8
host: localhost:56665
accept: */*

Response DefaultHttpResponse(decodeResult: success, version: HTTP/1.1)
HTTP/1.1 200 OK
Content-Type: application/json; charset=utf-8
cache-control: no-cache
content-length: 88

12:00:37.187 [AsyncHttpClient-1-2] DEBUG org.asynchttpclient.netty.channel.ChannelManager - Adding key: http://localhost:56665 for channel [id: 0x620f1558, L:/127.0.0.1:54840 - R:localhost/127.0.0.1:56665]
12:00:37.196 [Forwarding isElementDisplayed on session 7d7ecb7f0c3f35b6fe1fd1ef80a5860c to remote] DEBUG org.asynchttpclient.netty.request.NettyRequestSender - Using pooled Channel '[id: 0x620f1558, L:/127.0.0.1:54840 - R:localhost/127.0.0.1:56665]' for 'POST' to 'http://localhost:56665/session/7d7ecb7f0c3f35b6fe1fd1ef80a5860c/execute/sync'
12:00:37.196 [Forwarding isElementDisplayed on session 7d7ecb7f0c3f35b6fe1fd1ef80a5860c to remote] DEBUG org.asynchttpclient.netty.request.NettyRequestSender - Using open Channel [id: 0x620f1558, L:/127.0.0.1:54840 - R:localhost/127.0.0.1:56665] for POST '/session/7d7ecb7f0c3f35b6fe1fd1ef80a5860c/execute/sync'
12:00:37.206 [AsyncHttpClient-1-2] DEBUG org.asynchttpclient.netty.handler.HttpHandler - 

Request DefaultHttpRequest(decodeResult: success, version: HTTP/1.1)
POST /session/7d7ecb7f0c3f35b6fe1fd1ef80a5860c/execute/sync HTTP/1.1
User-Agent: selenium/4.4.0 (java windows)
Content-Length: 48780
Content-Type: application/json; charset=utf-8
host: localhost:56665
accept: */*

Response DefaultHttpResponse(decodeResult: success, version: HTTP/1.1)
HTTP/1.1 200 OK
Content-Type: application/json; charset=utf-8
cache-control: no-cache
content-length: 14

12:00:37.206 [AsyncHttpClient-1-2] DEBUG org.asynchttpclient.netty.channel.ChannelManager - Adding key: http://localhost:56665 for channel [id: 0x620f1558, L:/127.0.0.1:54840 - R:localhost/127.0.0.1:56665]
12:00:37.213 [Forwarding isElementDisplayed on session 7d7ecb7f0c3f35b6fe1fd1ef80a5860c to remote] DEBUG org.asynchttpclient.netty.request.NettyRequestSender - Using pooled Channel '[id: 0x620f1558, L:/127.0.0.1:54840 - R:localhost/127.0.0.1:56665]' for 'POST' to 'http://localhost:56665/session/7d7ecb7f0c3f35b6fe1fd1ef80a5860c/execute/sync'
12:00:37.213 [Forwarding isElementDisplayed on session 7d7ecb7f0c3f35b6fe1fd1ef80a5860c to remote] DEBUG org.asynchttpclient.netty.request.NettyRequestSender - Using open Channel [id: 0x620f1558, L:/127.0.0.1:54840 - R:localhost/127.0.0.1:56665] for POST '/session/7d7ecb7f0c3f35b6fe1fd1ef80a5860c/execute/sync'
12:00:37.222 [AsyncHttpClient-1-2] DEBUG org.asynchttpclient.netty.handler.HttpHandler - 

Request DefaultHttpRequest(decodeResult: success, version: HTTP/1.1)
POST /session/7d7ecb7f0c3f35b6fe1fd1ef80a5860c/execute/sync HTTP/1.1
User-Agent: selenium/4.4.0 (java windows)
Content-Length: 48780
Content-Type: application/json; charset=utf-8
host: localhost:56665
accept: */*

Response DefaultHttpResponse(decodeResult: success, version: HTTP/1.1)
HTTP/1.1 200 OK
Content-Type: application/json; charset=utf-8
cache-control: no-cache
content-length: 14

12:00:37.222 [AsyncHttpClient-1-2] DEBUG org.asynchttpclient.netty.channel.ChannelManager - Adding key: http://localhost:56665 for channel [id: 0x620f1558, L:/127.0.0.1:54840 - R:localhost/127.0.0.1:56665]
12:00:37.224 [Forwarding clickElement on session 7d7ecb7f0c3f35b6fe1fd1ef80a5860c to remote] DEBUG org.asynchttpclient.netty.request.NettyRequestSender - Using pooled Channel '[id: 0x620f1558, L:/127.0.0.1:54840 - R:localhost/127.0.0.1:56665]' for 'POST' to 'http://localhost:56665/session/7d7ecb7f0c3f35b6fe1fd1ef80a5860c/element/257419b3-ad76-43a7-bfca-b35a7410dc34/click'
12:00:37.224 [Forwarding clickElement on session 7d7ecb7f0c3f35b6fe1fd1ef80a5860c to remote] DEBUG org.asynchttpclient.netty.request.NettyRequestSender - Using open Channel [id: 0x620f1558, L:/127.0.0.1:54840 - R:localhost/127.0.0.1:56665] for POST '/session/7d7ecb7f0c3f35b6fe1fd1ef80a5860c/element/257419b3-ad76-43a7-bfca-b35a7410dc34/click'
12:00:37.883 [AsyncHttpClient-1-1] DEBUG org.asynchttpclient.netty.channel.DefaultChannelPool - Entry count for : http://localhost:54841 : 1
12:00:38.032 [AsyncHttpClient-1-2] DEBUG org.asynchttpclient.netty.handler.HttpHandler - 

Request DefaultHttpRequest(decodeResult: success, version: HTTP/1.1)
POST /session/7d7ecb7f0c3f35b6fe1fd1ef80a5860c/element/257419b3-ad76-43a7-bfca-b35a7410dc34/click HTTP/1.1
User-Agent: selenium/4.4.0 (java windows)
Content-Length: 50
Content-Type: application/json; charset=utf-8
host: localhost:56665
accept: */*

Response DefaultHttpResponse(decodeResult: success, version: HTTP/1.1)
HTTP/1.1 200 OK
Content-Type: application/json; charset=utf-8
cache-control: no-cache
content-length: 14

12:00:38.032 [AsyncHttpClient-1-2] DEBUG org.asynchttpclient.netty.channel.ChannelManager - Adding key: http://localhost:56665 for channel [id: 0x620f1558, L:/127.0.0.1:54840 - R:localhost/127.0.0.1:56665]
12:00:38.040 [Forwarding getCurrentWindowHandle on session 7d7ecb7f0c3f35b6fe1fd1ef80a5860c to remote] DEBUG org.asynchttpclient.netty.request.NettyRequestSender - Using pooled Channel '[id: 0x620f1558, L:/127.0.0.1:54840 - R:localhost/127.0.0.1:56665]' for 'GET' to 'http://localhost:56665/session/7d7ecb7f0c3f35b6fe1fd1ef80a5860c/window'
12:00:38.040 [Forwarding getCurrentWindowHandle on session 7d7ecb7f0c3f35b6fe1fd1ef80a5860c to remote] DEBUG org.asynchttpclient.netty.request.NettyRequestSender - Using open Channel [id: 0x620f1558, L:/127.0.0.1:54840 - R:localhost/127.0.0.1:56665] for GET '/session/7d7ecb7f0c3f35b6fe1fd1ef80a5860c/window'
12:00:38.041 [AsyncHttpClient-1-2] DEBUG org.asynchttpclient.netty.handler.HttpHandler - 

Request DefaultFullHttpRequest(decodeResult: success, version: HTTP/1.1, content: EmptyByteBufBE)
GET /session/7d7ecb7f0c3f35b6fe1fd1ef80a5860c/window HTTP/1.1
User-Agent: selenium/4.4.0 (java windows)
Cache-Control: no-cache
Content-Type: application/json; charset=utf-8
host: localhost:56665
accept: */*

Response DefaultHttpResponse(decodeResult: success, version: HTTP/1.1)
HTTP/1.1 200 OK
Content-Type: application/json; charset=utf-8
cache-control: no-cache
content-length: 53

12:00:38.041 [AsyncHttpClient-1-2] DEBUG org.asynchttpclient.netty.channel.ChannelManager - Adding key: http://localhost:56665 for channel [id: 0x620f1558, L:/127.0.0.1:54840 - R:localhost/127.0.0.1:56665]
12:00:38.042 [Forwarding getAlertText on session 7d7ecb7f0c3f35b6fe1fd1ef80a5860c to remote] DEBUG org.asynchttpclient.netty.request.NettyRequestSender - Using pooled Channel '[id: 0x620f1558, L:/127.0.0.1:54840 - R:localhost/127.0.0.1:56665]' for 'GET' to 'http://localhost:56665/session/7d7ecb7f0c3f35b6fe1fd1ef80a5860c/alert/text'
12:00:38.042 [Forwarding getAlertText on session 7d7ecb7f0c3f35b6fe1fd1ef80a5860c to remote] DEBUG org.asynchttpclient.netty.request.NettyRequestSender - Using open Channel [id: 0x620f1558, L:/127.0.0.1:54840 - R:localhost/127.0.0.1:56665] for GET '/session/7d7ecb7f0c3f35b6fe1fd1ef80a5860c/alert/text'
12:00:38.044 [AsyncHttpClient-1-2] DEBUG org.asynchttpclient.netty.handler.HttpHandler - 

Request DefaultFullHttpRequest(decodeResult: success, version: HTTP/1.1, content: EmptyByteBufBE)
GET /session/7d7ecb7f0c3f35b6fe1fd1ef80a5860c/alert/text HTTP/1.1
User-Agent: selenium/4.4.0 (java windows)
Cache-Control: no-cache
Content-Type: application/json; charset=utf-8
host: localhost:56665
accept: */*

Response DefaultHttpResponse(decodeResult: success, version: HTTP/1.1)
HTTP/1.1 404 Not Found
Content-Type: application/json; charset=utf-8
cache-control: no-cache
content-length: 835

12:00:38.044 [AsyncHttpClient-1-2] DEBUG org.asynchttpclient.netty.channel.ChannelManager - Adding key: http://localhost:56665 for channel [id: 0x620f1558, L:/127.0.0.1:54840 - R:localhost/127.0.0.1:56665]
12:00:38.045 [Forwarding switchToWindow on session 7d7ecb7f0c3f35b6fe1fd1ef80a5860c to remote] DEBUG org.asynchttpclient.netty.request.NettyRequestSender - Using pooled Channel '[id: 0x620f1558, L:/127.0.0.1:54840 - R:localhost/127.0.0.1:56665]' for 'POST' to 'http://localhost:56665/session/7d7ecb7f0c3f35b6fe1fd1ef80a5860c/window'
12:00:38.046 [Forwarding switchToWindow on session 7d7ecb7f0c3f35b6fe1fd1ef80a5860c to remote] DEBUG org.asynchttpclient.netty.request.NettyRequestSender - Using open Channel [id: 0x620f1558, L:/127.0.0.1:54840 - R:localhost/127.0.0.1:56665] for POST '/session/7d7ecb7f0c3f35b6fe1fd1ef80a5860c/window'
12:00:38.047 [AsyncHttpClient-1-2] DEBUG org.asynchttpclient.netty.handler.HttpHandler - 

Request DefaultHttpRequest(decodeResult: success, version: HTTP/1.1)
POST /session/7d7ecb7f0c3f35b6fe1fd1ef80a5860c/window HTTP/1.1
User-Agent: selenium/4.4.0 (java windows)
Content-Length: 59
Content-Type: application/json; charset=utf-8
host: localhost:56665
accept: */*

Response DefaultHttpResponse(decodeResult: success, version: HTTP/1.1)
HTTP/1.1 200 OK
Content-Type: application/json; charset=utf-8
cache-control: no-cache
content-length: 14

12:00:38.047 [AsyncHttpClient-1-2] DEBUG org.asynchttpclient.netty.channel.ChannelManager - Adding key: http://localhost:56665 for channel [id: 0x620f1558, L:/127.0.0.1:54840 - R:localhost/127.0.0.1:56665]
12:00:38.048 [Forwarding getCurrentUrl on session 7d7ecb7f0c3f35b6fe1fd1ef80a5860c to remote] DEBUG org.asynchttpclient.netty.request.NettyRequestSender - Using pooled Channel '[id: 0x620f1558, L:/127.0.0.1:54840 - R:localhost/127.0.0.1:56665]' for 'GET' to 'http://localhost:56665/session/7d7ecb7f0c3f35b6fe1fd1ef80a5860c/url'
12:00:38.048 [Forwarding getCurrentUrl on session 7d7ecb7f0c3f35b6fe1fd1ef80a5860c to remote] DEBUG org.asynchttpclient.netty.request.NettyRequestSender - Using open Channel [id: 0x620f1558, L:/127.0.0.1:54840 - R:localhost/127.0.0.1:56665] for GET '/session/7d7ecb7f0c3f35b6fe1fd1ef80a5860c/url'
12:00:38.050 [AsyncHttpClient-1-2] DEBUG org.asynchttpclient.netty.handler.HttpHandler - 

Request DefaultFullHttpRequest(decodeResult: success, version: HTTP/1.1, content: EmptyByteBufBE)
GET /session/7d7ecb7f0c3f35b6fe1fd1ef80a5860c/url HTTP/1.1
User-Agent: selenium/4.4.0 (java windows)
Cache-Control: no-cache
Content-Type: application/json; charset=utf-8
host: localhost:56665
accept: */*

Response DefaultHttpResponse(decodeResult: success, version: HTTP/1.1)
HTTP/1.1 200 OK
Content-Type: application/json; charset=utf-8
cache-control: no-cache
content-length: 67

12:00:38.050 [AsyncHttpClient-1-2] DEBUG org.asynchttpclient.netty.channel.ChannelManager - Adding key: http://localhost:56665 for channel [id: 0x620f1558, L:/127.0.0.1:54840 - R:localhost/127.0.0.1:56665]
12:00:38.051 [Forwarding screenshot on session 7d7ecb7f0c3f35b6fe1fd1ef80a5860c to remote] DEBUG org.asynchttpclient.netty.request.NettyRequestSender - Using pooled Channel '[id: 0x620f1558, L:/127.0.0.1:54840 - R:localhost/127.0.0.1:56665]' for 'GET' to 'http://localhost:56665/session/7d7ecb7f0c3f35b6fe1fd1ef80a5860c/screenshot'
[...]
12:00:42.223 [Forwarding getCurrentUrl on session 7d7ecb7f0c3f35b6fe1fd1ef80a5860c to remote] DEBUG org.asynchttpclient.netty.request.NettyRequestSender - Using open Channel [id: 0x620f1558, L:/127.0.0.1:54840 - R:localhost/127.0.0.1:56665] for GET '/session/7d7ecb7f0c3f35b6fe1fd1ef80a5860c/url'
12:00:42.226 [AsyncHttpClient-1-2] DEBUG org.asynchttpclient.netty.handler.HttpHandler - 

Request DefaultFullHttpRequest(decodeResult: success, version: HTTP/1.1, content: EmptyByteBufBE)
GET /session/7d7ecb7f0c3f35b6fe1fd1ef80a5860c/url HTTP/1.1
User-Agent: selenium/4.4.0 (java windows)
Cache-Control: no-cache
Content-Type: application/json; charset=utf-8
host: localhost:56665
accept: */*

Response DefaultHttpResponse(decodeResult: success, version: HTTP/1.1)
HTTP/1.1 200 OK
Content-Type: application/json; charset=utf-8
cache-control: no-cache
content-length: 68

12:00:42.226 [AsyncHttpClient-1-2] DEBUG org.asynchttpclient.netty.channel.ChannelManager - Adding key: http://localhost:56665 for channel [id: 0x620f1558, L:/127.0.0.1:54840 - R:localhost/127.0.0.1:56665]
12:00:42.284 [AsyncHttpClient-1-1] DEBUG org.asynchttpclient.netty.channel.DefaultChannelPool - Entry count for : http://localhost:56665 : 1
12:00:42.284 [AsyncHttpClient-1-1] DEBUG org.asynchttpclient.netty.channel.DefaultChannelPool - Entry count for : http://localhost:54841 : 1
12:00:42.312 [Forwarding getCurrentWindowHandle on session 7d7ecb7f0c3f35b6fe1fd1ef80a5860c to remote] DEBUG org.asynchttpclient.netty.request.NettyRequestSender - Using pooled Channel '[id: 0x620f1558, L:/127.0.0.1:54840 - R:localhost/127.0.0.1:56665]' for 'GET' to 'http://localhost:56665/session/7d7ecb7f0c3f35b6fe1fd1ef80a5860c/window'
12:00:42.312 [Forwarding getCurrentWindowHandle on session 7d7ecb7f0c3f35b6fe1fd1ef80a5860c to remote] DEBUG org.asynchttpclient.netty.request.NettyRequestSender - Using open Channel [id: 0x620f1558, L:/127.0.0.1:54840 - R:localhost/127.0.0.1:56665] for GET '/session/7d7ecb7f0c3f35b6fe1fd1ef80a5860c/window'
12:00:42.313 [AsyncHttpClient-1-2] DEBUG org.asynchttpclient.netty.handler.HttpHandler - 

Request DefaultFullHttpRequest(decodeResult: success, version: HTTP/1.1, content: EmptyByteBufBE)
GET /session/7d7ecb7f0c3f35b6fe1fd1ef80a5860c/window HTTP/1.1
User-Agent: selenium/4.4.0 (java windows)
Cache-Control: no-cache
Content-Type: application/json; charset=utf-8
host: localhost:56665
accept: */*

Response DefaultHttpResponse(decodeResult: success, version: HTTP/1.1)
HTTP/1.1 200 OK
Content-Type: application/json; charset=utf-8
cache-control: no-cache
content-length: 53

12:00:42.313 [AsyncHttpClient-1-2] DEBUG org.asynchttpclient.netty.channel.ChannelManager - Adding key: http://localhost:56665 for channel [id: 0x620f1558, L:/127.0.0.1:54840 - R:localhost/127.0.0.1:56665]
12:00:42.314 [Forwarding getAlertText on session 7d7ecb7f0c3f35b6fe1fd1ef80a5860c to remote] DEBUG org.asynchttpclient.netty.request.NettyRequestSender - Using pooled Channel '[id: 0x620f1558, L:/127.0.0.1:54840 - R:localhost/127.0.0.1:56665]' for 'GET' to 'http://localhost:56665/session/7d7ecb7f0c3f35b6fe1fd1ef80a5860c/alert/text'
12:00:42.314 [Forwarding getAlertText on session 7d7ecb7f0c3f35b6fe1fd1ef80a5860c to remote] DEBUG org.asynchttpclient.netty.request.NettyRequestSender - Using open Channel [id: 0x620f1558, L:/127.0.0.1:54840 - R:localhost/127.0.0.1:56665] for GET '/session/7d7ecb7f0c3f35b6fe1fd1ef80a5860c/alert/text'
12:00:42.316 [AsyncHttpClient-1-2] DEBUG org.asynchttpclient.netty.handler.HttpHandler - 

Request DefaultFullHttpRequest(decodeResult: success, version: HTTP/1.1, content: EmptyByteBufBE)
GET /session/7d7ecb7f0c3f35b6fe1fd1ef80a5860c/alert/text HTTP/1.1
User-Agent: selenium/4.4.0 (java windows)
Cache-Control: no-cache
Content-Type: application/json; charset=utf-8
host: localhost:56665
accept: */*

Response DefaultHttpResponse(decodeResult: success, version: HTTP/1.1)
HTTP/1.1 404 Not Found
Content-Type: application/json; charset=utf-8
cache-control: no-cache
content-length: 835

12:00:42.316 [AsyncHttpClient-1-2] DEBUG org.asynchttpclient.netty.channel.ChannelManager - Adding key: http://localhost:56665 for channel [id: 0x620f1558, L:/127.0.0.1:54840 - R:localhost/127.0.0.1:56665]
12:00:42.318 [Forwarding switchToWindow on session 7d7ecb7f0c3f35b6fe1fd1ef80a5860c to remote] DEBUG org.asynchttpclient.netty.request.NettyRequestSender - Using pooled Channel '[id: 0x620f1558, L:/127.0.0.1:54840 - R:localhost/127.0.0.1:56665]' for 'POST' to 'http://localhost:56665/session/7d7ecb7f0c3f35b6fe1fd1ef80a5860c/window'
12:00:42.318 [Forwarding switchToWindow on session 7d7ecb7f0c3f35b6fe1fd1ef80a5860c to remote] DEBUG org.asynchttpclient.netty.request.NettyRequestSender - Using open Channel [id: 0x620f1558, L:/127.0.0.1:54840 - R:localhost/127.0.0.1:56665] for POST '/session/7d7ecb7f0c3f35b6fe1fd1ef80a5860c/window'
12:00:42.320 [AsyncHttpClient-1-2] DEBUG org.asynchttpclient.netty.handler.HttpHandler - 

Request DefaultHttpRequest(decodeResult: success, version: HTTP/1.1)
POST /session/7d7ecb7f0c3f35b6fe1fd1ef80a5860c/window HTTP/1.1
User-Agent: selenium/4.4.0 (java windows)
Content-Length: 59
Content-Type: application/json; charset=utf-8
host: localhost:56665
accept: */*

Response DefaultHttpResponse(decodeResult: success, version: HTTP/1.1)
HTTP/1.1 200 OK
Content-Type: application/json; charset=utf-8
cache-control: no-cache
content-length: 14

12:00:42.320 [AsyncHttpClient-1-2] DEBUG org.asynchttpclient.netty.channel.ChannelManager - Adding key: http://localhost:56665 for channel [id: 0x620f1558, L:/127.0.0.1:54840 - R:localhost/127.0.0.1:56665]
12:00:42.320 [Forwarding getCurrentUrl on session 7d7ecb7f0c3f35b6fe1fd1ef80a5860c to remote] DEBUG org.asynchttpclient.netty.request.NettyRequestSender - Using pooled Channel '[id: 0x620f1558, L:/127.0.0.1:54840 - R:localhost/127.0.0.1:56665]' for 'GET' to 'http://localhost:56665/session/7d7ecb7f0c3f35b6fe1fd1ef80a5860c/url'
12:00:42.320 [Forwarding getCurrentUrl on session 7d7ecb7f0c3f35b6fe1fd1ef80a5860c to remote] DEBUG org.asynchttpclient.netty.request.NettyRequestSender - Using open Channel [id: 0x620f1558, L:/127.0.0.1:54840 - R:localhost/127.0.0.1:56665] for GET '/session/7d7ecb7f0c3f35b6fe1fd1ef80a5860c/url'
12:00:42.323 [AsyncHttpClient-1-2] DEBUG org.asynchttpclient.netty.handler.HttpHandler - 

Request DefaultFullHttpRequest(decodeResult: success, version: HTTP/1.1, content: EmptyByteBufBE)
GET /session/7d7ecb7f0c3f35b6fe1fd1ef80a5860c/url HTTP/1.1
User-Agent: selenium/4.4.0 (java windows)
Cache-Control: no-cache
Content-Type: application/json; charset=utf-8
host: localhost:56665
accept: */*

Response DefaultHttpResponse(decodeResult: success, version: HTTP/1.1)
HTTP/1.1 200 OK
Content-Type: application/json; charset=utf-8
cache-control: no-cache
content-length: 68

12:00:42.324 [AsyncHttpClient-1-2] DEBUG org.asynchttpclient.netty.channel.ChannelManager - Adding key: http://localhost:56665 for channel [id: 0x620f1558, L:/127.0.0.1:54840 - R:localhost/127.0.0.1:56665]
12:00:42.324 [Forwarding screenshot on session 7d7ecb7f0c3f35b6fe1fd1ef80a5860c to remote] DEBUG org.asynchttpclient.netty.request.NettyRequestSender - Using pooled Channel '[id: 0x620f1558, L:/127.0.0.1:54840 - R:localhost/127.0.0.1:56665]' for 'GET' to 'http://localhost:56665/session/7d7ecb7f0c3f35b6fe1fd1ef80a5860c/screenshot'
12:00:42.324 [Forwarding screenshot on session 7d7ecb7f0c3f35b6fe1fd1ef80a5860c to remote] DEBUG org.asynchttpclient.netty.request.NettyRequestSender - Using open Channel [id: 0x620f1558, L:/127.0.0.1:54840 - R:localhost/127.0.0.1:56665] for GET '/session/7d7ecb7f0c3f35b6fe1fd1ef80a5860c/screenshot'
12:00:42.462 [AsyncHttpClient-1-2] DEBUG org.asynchttpclient.netty.handler.HttpHandler - 

Request DefaultFullHttpRequest(decodeResult: success, version: HTTP/1.1, content: EmptyByteBufBE)
GET /session/7d7ecb7f0c3f35b6fe1fd1ef80a5860c/screenshot HTTP/1.1
User-Agent: selenium/4.4.0 (java windows)
Cache-Control: no-cache
Content-Type: application/json; charset=utf-8
host: localhost:56665
accept: */*

Response DefaultHttpResponse(decodeResult: success, version: HTTP/1.1)
HTTP/1.1 200 OK
Content-Type: application/json; charset=utf-8
cache-control: no-cache
content-length: 678584

12:00:42.463 [AsyncHttpClient-1-2] DEBUG org.asynchttpclient.netty.channel.ChannelManager - Adding key: http://localhost:56665 for channel [id: 0x620f1558, L:/127.0.0.1:54840 - R:localhost/127.0.0.1:56665]
12:00:42.478 [main] DEBUG net.serenitybdd.core.photography.Darkroom - Send negative for processing for target\site\serenity\fcb1586f0d133b11bbcc262c6919562141cc6e73d53e8aebea0e62180a2fb8b8.png
12:00:42.479 [Forwarding getPageSource on session 7d7ecb7f0c3f35b6fe1fd1ef80a5860c to remote] DEBUG org.asynchttpclient.netty.request.NettyRequestSender - Using pooled Channel '[id: 0x620f1558, L:/127.0.0.1:54840 - R:localhost/127.0.0.1:56665]' for 'POST' to 'http://localhost:56665/session/7d7ecb7f0c3f35b6fe1fd1ef80a5860c/execute/sync'
12:00:42.479 [Forwarding getPageSource on session 7d7ecb7f0c3f35b6fe1fd1ef80a5860c to remote] DEBUG org.asynchttpclient.netty.request.NettyRequestSender - Using open Channel [id: 0x620f1558, L:/127.0.0.1:54840 - R:localhost/127.0.0.1:56665] for POST '/session/7d7ecb7f0c3f35b6fe1fd1ef80a5860c/execute/sync'
12:00:42.484 [AsyncHttpClient-1-2] DEBUG org.asynchttpclient.netty.handler.HttpHandler - 

Request DefaultHttpRequest(decodeResult: success, version: HTTP/1.1)
POST /session/7d7ecb7f0c3f35b6fe1fd1ef80a5860c/execute/sync HTTP/1.1
User-Agent: selenium/4.4.0 (java windows)
Content-Length: 176
Content-Type: application/json; charset=utf-8
host: localhost:56665
accept: */*

Response DefaultHttpResponse(decodeResult: success, version: HTTP/1.1)
HTTP/1.1 200 OK
Content-Type: application/json; charset=utf-8
cache-control: no-cache
content-length: 48206

12:00:42.484 [AsyncHttpClient-1-2] DEBUG org.asynchttpclient.netty.channel.ChannelManager - Adding key: http://localhost:56665 for channel [id: 0x620f1558, L:/127.0.0.1:54840 - R:localhost/127.0.0.1:56665]
12:00:42.487 [Forwarding getCurrentUrl on session 7d7ecb7f0c3f35b6fe1fd1ef80a5860c to remote] DEBUG org.asynchttpclient.netty.request.NettyRequestSender - Using pooled Channel '[id: 0x620f1558, L:/127.0.0.1:54840 - R:localhost/127.0.0.1:56665]' for 'GET' to 'http://localhost:56665/session/7d7ecb7f0c3f35b6fe1fd1ef80a5860c/url'
12:00:42.487 [Forwarding getCurrentUrl on session 7d7ecb7f0c3f35b6fe1fd1ef80a5860c to remote] DEBUG org.asynchttpclient.netty.request.NettyRequestSender - Using open Channel [id: 0x620f1558, L:/127.0.0.1:54840 - R:localhost/127.0.0.1:56665] for GET '/session/7d7ecb7f0c3f35b6fe1fd1ef80a5860c/url'
12:00:42.491 [AsyncHttpClient-1-2] DEBUG org.asynchttpclient.netty.handler.HttpHandler - 

Request DefaultFullHttpRequest(decodeResult: success, version: HTTP/1.1, content: EmptyByteBufBE)
GET /session/7d7ecb7f0c3f35b6fe1fd1ef80a5860c/url HTTP/1.1
User-Agent: selenium/4.4.0 (java windows)
Cache-Control: no-cache
Content-Type: application/json; charset=utf-8
host: localhost:56665
accept: */*

Response DefaultHttpResponse(decodeResult: success, version: HTTP/1.1)
HTTP/1.1 200 OK
Content-Type: application/json; charset=utf-8
cache-control: no-cache
content-length: 68

12:00:42.491 [AsyncHttpClient-1-2] DEBUG org.asynchttpclient.netty.channel.ChannelManager - Adding key: http://localhost:56665 for channel [id: 0x620f1558, L:/127.0.0.1:54840 - R:localhost/127.0.0.1:56665]
12:00:42.497 [Forwarding findElements on session 7d7ecb7f0c3f35b6fe1fd1ef80a5860c to remote] DEBUG org.asynchttpclient.netty.request.NettyRequestSender - Using pooled Channel '[id: 0x620f1558, L:/127.0.0.1:54840 - R:localhost/127.0.0.1:56665]' for 'POST' to 'http://localhost:56665/session/7d7ecb7f0c3f35b6fe1fd1ef80a5860c/elements'
12:00:42.497 [Forwarding findElements on session 7d7ecb7f0c3f35b6fe1fd1ef80a5860c to remote] DEBUG org.asynchttpclient.netty.request.NettyRequestSender - Using open Channel [id: 0x620f1558, L:/127.0.0.1:54840 - R:localhost/127.0.0.1:56665] for POST '/session/7d7ecb7f0c3f35b6fe1fd1ef80a5860c/elements'
12:00:42.504 [AsyncHttpClient-1-2] DEBUG org.asynchttpclient.netty.handler.HttpHandler - 

Request DefaultHttpRequest(decodeResult: success, version: HTTP/1.1)
POST /session/7d7ecb7f0c3f35b6fe1fd1ef80a5860c/elements HTTP/1.1
User-Agent: selenium/4.4.0 (java windows)
Content-Length: 60
Content-Type: application/json; charset=utf-8
host: localhost:56665
accept: */*

Response DefaultHttpResponse(decodeResult: success, version: HTTP/1.1)
HTTP/1.1 200 OK
Content-Type: application/json; charset=utf-8
cache-control: no-cache
content-length: 90

12:00:42.504 [AsyncHttpClient-1-2] DEBUG org.asynchttpclient.netty.channel.ChannelManager - Adding key: http://localhost:56665 for channel [id: 0x620f1558, L:/127.0.0.1:54840 - R:localhost/127.0.0.1:56665]
12:00:42.507 [Forwarding getElementAttribute on session 7d7ecb7f0c3f35b6fe1fd1ef80a5860c to remote] DEBUG org.asynchttpclient.netty.request.NettyRequestSender - Using pooled Channel '[id: 0x620f1558, L:/127.0.0.1:54840 - R:localhost/127.0.0.1:56665]' for 'POST' to 'http://localhost:56665/session/7d7ecb7f0c3f35b6fe1fd1ef80a5860c/execute/sync'
12:00:42.507 [Forwarding getElementAttribute on session 7d7ecb7f0c3f35b6fe1fd1ef80a5860c to remote] DEBUG org.asynchttpclient.netty.request.NettyRequestSender - Using open Channel [id: 0x620f1558, L:/127.0.0.1:54840 - R:localhost/127.0.0.1:56665] for POST '/session/7d7ecb7f0c3f35b6fe1fd1ef80a5860c/execute/sync'
12:00:42.514 [AsyncHttpClient-1-2] DEBUG org.asynchttpclient.netty.handler.HttpHandler - 

Request DefaultHttpRequest(decodeResult: success, version: HTTP/1.1)
POST /session/7d7ecb7f0c3f35b6fe1fd1ef80a5860c/execute/sync HTTP/1.1
User-Agent: selenium/4.4.0 (java windows)
Content-Length: 47346
Content-Type: application/json; charset=utf-8
host: localhost:56665
accept: */*

Response DefaultHttpResponse(decodeResult: success, version: HTTP/1.1)
HTTP/1.1 200 OK
Content-Type: application/json; charset=utf-8
cache-control: no-cache
content-length: 42

12:00:42.514 [AsyncHttpClient-1-2] DEBUG org.asynchttpclient.netty.channel.ChannelManager - Adding key: http://localhost:56665 for channel [id: 0x620f1558, L:/127.0.0.1:54840 - R:localhost/127.0.0.1:56665]
12:00:42.520 [main] INFO  - 
  _____   ___   ___   _____     ___     _     ___   ___   ___   ___  
 |_   _| | __| / __| |_   _|   | _ \   /_\   / __| / __| | __| |   \ 
   | |   | _|  \__ \   | |     |  _/  / _ \  \__ \ \__ \ | _|  | |) |
   |_|   |___| |___/   |_|     |_|   /_/ \_\ |___/ |___/ |___| |___/ 

Peruanos en el Extranjero Consulados en el mundo y Lista de Consulados en el mundo
----------------------------------------------------------------------
12:00:42.549 [Driver Command Executor] DEBUG org.asynchttpclient.netty.request.NettyRequestSender - Using pooled Channel '[id: 0x620f1558, L:/127.0.0.1:54840 - R:localhost/127.0.0.1:56665]' for 'DELETE' to 'http://localhost:56665/session/7d7ecb7f0c3f35b6fe1fd1ef80a5860c'
12:00:42.549 [Driver Command Executor] DEBUG org.asynchttpclient.netty.request.NettyRequestSender - Using open Channel [id: 0x620f1558, L:/127.0.0.1:54840 - R:localhost/127.0.0.1:56665] for DELETE '/session/7d7ecb7f0c3f35b6fe1fd1ef80a5860c'
12:00:42.550 [AsyncHttpClient-1-4] DEBUG org.asynchttpclient.netty.handler.WebSocketHandler - Channel Closed: [id: 0x88d71c53, L:/127.0.0.1:54847 ! R:localhost/127.0.0.1:54841] with attribute NettyResponseFuture{currentRetry=0,
	isDone=1,
	isCancelled=0,
	asyncHandler=org.asynchttpclient.ws.WebSocketUpgradeHandler@268ceb37,
	nettyRequest=org.asynchttpclient.netty.request.NettyRequest@3f90b1d2,
	future=java.util.concurrent.CompletableFuture@7407191a[Completed normally],
	uri=ws://localhost:54841/devtools/browser/42aa653e-fbcb-4bcb-96d2-f91680d06771,
	keepAlive=true,
	redirectCount=0,
	timeoutsHolder=null,
	inAuth=0,
	touch=1672333232777}
12:00:42.550 [AsyncHttpClient-1-4] DEBUG org.asynchttpclient.netty.channel.ChannelManager - Closing Channel [id: 0x88d71c53, L:/127.0.0.1:54847 ! R:localhost/127.0.0.1:54841] 
12:00:42.586 [AsyncHttpClient-1-3] DEBUG org.asynchttpclient.netty.handler.HttpHandler - Unexpected I/O exception on channel [id: 0xce232ded, L:/127.0.0.1:54846 - R:localhost/127.0.0.1:54841]
java.io.IOException: Se ha forzado la interrupción de una conexión existente por el host remoto
	at sun.nio.ch.SocketDispatcher.read0(Native Method)
	at sun.nio.ch.SocketDispatcher.read(SocketDispatcher.java:43)
	at sun.nio.ch.IOUtil.readIntoNativeBuffer(IOUtil.java:223)
	at sun.nio.ch.IOUtil.read(IOUtil.java:192)
	at sun.nio.ch.SocketChannelImpl.read(SocketChannelImpl.java:380)
	at io.netty.buffer.PooledByteBuf.setBytes(PooledByteBuf.java:258)
	at io.netty.buffer.AbstractByteBuf.writeBytes(AbstractByteBuf.java:1132)
	at io.netty.channel.socket.nio.NioSocketChannel.doReadBytes(NioSocketChannel.java:357)
	at io.netty.channel.nio.AbstractNioByteChannel$NioByteUnsafe.read(AbstractNioByteChannel.java:151)
	at io.netty.channel.nio.NioEventLoop.processSelectedKey(NioEventLoop.java:722)
	at io.netty.channel.nio.NioEventLoop.processSelectedKeysOptimized(NioEventLoop.java:658)
	at io.netty.channel.nio.NioEventLoop.processSelectedKeys(NioEventLoop.java:584)
	at io.netty.channel.nio.NioEventLoop.run(NioEventLoop.java:496)
	at io.netty.util.concurrent.SingleThreadEventExecutor$4.run(SingleThreadEventExecutor.java:997)
	at io.netty.util.internal.ThreadExecutorMap$2.run(ThreadExecutorMap.java:74)
	at io.netty.util.concurrent.FastThreadLocalRunnable.run(FastThreadLocalRunnable.java:30)
	at java.lang.Thread.run(Thread.java:748)
12:00:42.586 [AsyncHttpClient-1-3] DEBUG org.asynchttpclient.netty.channel.ChannelManager - Closing Channel [id: 0xce232ded, L:/127.0.0.1:54846 - R:localhost/127.0.0.1:54841] 
12:00:42.587 [AsyncHttpClient-1-3] DEBUG org.asynchttpclient.netty.handler.HttpHandler - Channel Closed: [id: 0xce232ded, L:/127.0.0.1:54846 ! R:localhost/127.0.0.1:54841] with attribute DISCARD
12:00:42.593 [AsyncHttpClient-1-2] DEBUG org.asynchttpclient.netty.handler.HttpHandler - 

Request DefaultFullHttpRequest(decodeResult: success, version: HTTP/1.1, content: EmptyByteBufBE)
DELETE /session/7d7ecb7f0c3f35b6fe1fd1ef80a5860c HTTP/1.1
User-Agent: selenium/4.4.0 (java windows)
Content-Type: application/json; charset=utf-8
host: localhost:56665
accept: */*

Response DefaultHttpResponse(decodeResult: success, version: HTTP/1.1)
HTTP/1.1 200 OK
Content-Type: application/json; charset=utf-8
cache-control: no-cache
content-length: 14

12:00:42.593 [AsyncHttpClient-1-2] DEBUG org.asynchttpclient.netty.channel.ChannelManager - Adding key: http://localhost:56665 for channel [id: 0x620f1558, L:/127.0.0.1:54840 - R:localhost/127.0.0.1:56665]
12:00:42.642 [AsyncHttpClient-1-2] DEBUG org.asynchttpclient.netty.handler.HttpHandler - Channel Closed: [id: 0x620f1558, L:/127.0.0.1:54840 ! R:localhost/127.0.0.1:56665] with attribute DISCARD
]]></system-out>
    <system-err><![CDATA[Starting ChromeDriver 108.0.5359.71 (1e0e3868ee06e91ad636a874420e3ca3ae3756ac-refs/branch-heads/5359@{#1016}) on port 56665
Only local connections are allowed.
Please see https://chromedriver.chromium.org/security-considerations for suggestions on keeping ChromeDriver safe.
ChromeDriver was started successfully.
dic 29, 2022 12:00:32 PM org.openqa.selenium.remote.ProtocolHandshake createSession
INFORMACIÓN: Detected upstream dialect: W3C
dic 29, 2022 12:00:32 PM org.openqa.selenium.devtools.CdpVersionFinder findNearestMatch
ADVERTENCIA: Unable to find an exact match for CDP version 108, so returning the closest version found: 104
dic 29, 2022 12:00:32 PM org.openqa.selenium.devtools.CdpVersionFinder findNearestMatch
INFORMACIÓN: Found CDP implementation for version 108 of 104
]]></system-err>
  </testcase>
</testsuite>